[ 2013-02-19T12:02:11+08:00 ] 127.0.0.1 /mould/index.php?s=/Admin/addOffer/
INFO: [ app_begin ] --START--
INFO: Run ReadHtmlCache Behavior [ RunTime:-0.000863s ]
INFO: [ app_begin ] --END-- [ RunTime:0.001264s ]
SQL: SHOW COLUMNS FROM `m_offer` [ RunTime:0.003823s ]
SQL: INSERT INTO `m_offer` (`title`,`content`,`date`) VALUES ('dfsd ','<p>df </p>','2013-02-19') [ RunTime:0.002639s ]

[ 2013-02-19T12:02:17+08:00 ] 127.0.0.1 /mould/index.php?s=/Admin/deleteOffer/
INFO: [ app_begin ] --START--
INFO: Run ReadHtmlCache Behavior [ RunTime:-0.000800s ]
INFO: [ app_begin ] --END-- [ RunTime:0.001523s ]
SQL: SHOW COLUMNS FROM `m_offer` [ RunTime:0.004347s ]
SQL: DELETE FROM `m_offer` WHERE id = '5' [ RunTime:0.068824s ]

[ 2013-02-19T12:02:20+08:00 ] 127.0.0.1 /mould/index.php?s=/Admin/getOfferDetail/
INFO: [ app_begin ] --START--
INFO: Run ReadHtmlCache Behavior [ RunTime:-0.000684s ]
INFO: [ app_begin ] --END-- [ RunTime:0.001138s ]
SQL: SHOW COLUMNS FROM `m_offer` [ RunTime:0.003834s ]
SQL: SELECT * FROM `m_offer` WHERE id = '4'  [ RunTime:0.000313s ]

[ 2013-02-19T12:02:25+08:00 ] 127.0.0.1 /mould/index.php?s=/Admin/changeOffer/
INFO: [ app_begin ] --START--
INFO: Run ReadHtmlCache Behavior [ RunTime:-0.000789s ]
INFO: [ app_begin ] --END-- [ RunTime:0.001140s ]
SQL: SHOW COLUMNS FROM `m_offer` [ RunTime:0.004300s ]
SQL: UPDATE `m_offer` SET `title`='sfd ',`content`='<p>dfds </p>' WHERE ( `id` = 4 ) [ RunTime:0.041878s ]

[ 2013-02-19T12:02:28+08:00 ] 127.0.0.1 /mould/index.php?s=/Admin/getOfferDetail/
INFO: [ app_begin ] --START--
INFO: Run ReadHtmlCache Behavior [ RunTime:-0.000676s ]
INFO: [ app_begin ] --END-- [ RunTime:0.001103s ]
SQL: SHOW COLUMNS FROM `m_offer` [ RunTime:0.003825s ]
SQL: SELECT * FROM `m_offer` WHERE id = '4'  [ RunTime:0.000388s ]

[ 2013-02-19T12:02:34+08:00 ] 127.0.0.1 /mould/index.php?s=/Admin/changeOffer/
INFO: [ app_begin ] --START--
INFO: Run ReadHtmlCache Behavior [ RunTime:-0.000663s ]
INFO: [ app_begin ] --END-- [ RunTime:0.001079s ]
SQL: SHOW COLUMNS FROM `m_offer` [ RunTime:0.003874s ]
SQL: UPDATE `m_offer` SET `title`='sfd ',`content`='<p>dfds </p>' WHERE ( `id` = 4 ) [ RunTime:0.001655s ]

[ 2013-02-19T12:02:49+08:00 ] 127.0.0.1 /mould/index.php?s=/Admin/deleteOffer/
INFO: [ app_begin ] --START--
INFO: Run ReadHtmlCache Behavior [ RunTime:-0.000717s ]
INFO: [ app_begin ] --END-- [ RunTime:0.001047s ]
SQL: SHOW COLUMNS FROM `m_offer` [ RunTime:0.004649s ]
SQL: DELETE FROM `m_offer` WHERE id = '1' [ RunTime:0.002028s ]

[ 2013-02-19T12:02:51+08:00 ] 127.0.0.1 /mould/index.php?s=/Admin/getOfferDetail/
INFO: [ app_begin ] --START--
INFO: Run ReadHtmlCache Behavior [ RunTime:-0.000631s ]
INFO: [ app_begin ] --END-- [ RunTime:0.001041s ]
SQL: SHOW COLUMNS FROM `m_offer` [ RunTime:0.004045s ]
SQL: SELECT * FROM `m_offer` WHERE id = '2'  [ RunTime:0.000349s ]

[ 2013-02-19T12:02:57+08:00 ] 127.0.0.1 /mould/index.php?s=/Admin/changeOffer/
INFO: [ app_begin ] --START--
INFO: Run ReadHtmlCache Behavior [ RunTime:-0.000588s ]
INFO: [ app_begin ] --END-- [ RunTime:0.000944s ]
SQL: SHOW COLUMNS FROM `m_offer` [ RunTime:0.004563s ]
SQL: UPDATE `m_offer` SET `title`='地方似懂非懂是否',`content`='<p>发生地方的发生对方是否地方<br></p>' WHERE ( `id` = 2 ) [ RunTime:0.002259s ]

[ 2013-02-19T12:03:06+08:00 ] 127.0.0.1 /mould/index.php?s=/Admin/getOfferDetail/
INFO: [ app_begin ] --START--
INFO: Run ReadHtmlCache Behavior [ RunTime:-0.000607s ]
INFO: [ app_begin ] --END-- [ RunTime:0.000962s ]
SQL: SHOW COLUMNS FROM `m_offer` [ RunTime:0.003962s ]
SQL: SELECT * FROM `m_offer` WHERE id = '3'  [ RunTime:0.000352s ]

[ 2013-02-19T12:03:34+08:00 ] 127.0.0.1 /mould/index.php?s=/Admin/getOfferDetail/
INFO: [ app_begin ] --START--
INFO: Run ReadHtmlCache Behavior [ RunTime:-0.000603s ]
INFO: [ app_begin ] --END-- [ RunTime:0.000881s ]
SQL: SHOW COLUMNS FROM `m_offer` [ RunTime:0.003948s ]
SQL: SELECT * FROM `m_offer` WHERE id = '7'  [ RunTime:0.000393s ]

[ 2013-02-19T12:03:38+08:00 ] 127.0.0.1 /mould/index.php?s=/Admin/changeOffer/
INFO: [ app_begin ] --START--
INFO: Run ReadHtmlCache Behavior [ RunTime:-0.000602s ]
INFO: [ app_begin ] --END-- [ RunTime:0.000877s ]
SQL: SHOW COLUMNS FROM `m_offer` [ RunTime:0.003651s ]
SQL: UPDATE `m_offer` SET `title`='dfsd ',`content`='' WHERE ( `id` = 7 ) [ RunTime:0.001872s ]

[ 2013-02-19T12:03:41+08:00 ] 127.0.0.1 /mould/index.php?s=/Admin/getOfferDetail/
INFO: [ app_begin ] --START--
INFO: Run ReadHtmlCache Behavior [ RunTime:-0.000832s ]
INFO: [ app_begin ] --END-- [ RunTime:0.001383s ]
SQL: SHOW COLUMNS FROM `m_offer` [ RunTime:0.003841s ]
SQL: SELECT * FROM `m_offer` WHERE id = '7'  [ RunTime:0.000336s ]

[ 2013-02-19T12:03:45+08:00 ] 127.0.0.1 /mould/index.php?s=/Admin/changeOffer/
INFO: [ app_begin ] --START--
INFO: Run ReadHtmlCache Behavior [ RunTime:-0.000602s ]
INFO: [ app_begin ] --END-- [ RunTime:0.000878s ]
SQL: SHOW COLUMNS FROM `m_offer` [ RunTime:0.004011s ]
SQL: UPDATE `m_offer` SET `title`='dfsd ',`content`='' WHERE ( `id` = 7 ) [ RunTime:0.002342s ]

[ 2013-02-19T12:04:19+08:00 ] 127.0.0.1 /mould/index.php?s=/Admin/getOfferDetail/
INFO: [ app_begin ] --START--
INFO: Run ReadHtmlCache Behavior [ RunTime:-0.000726s ]
INFO: [ app_begin ] --END-- [ RunTime:0.001074s ]
SQL: SHOW COLUMNS FROM `m_offer` [ RunTime:0.004677s ]
SQL: SELECT * FROM `m_offer` WHERE id = '7'  [ RunTime:0.000427s ]

[ 2013-02-19T12:04:22+08:00 ] 127.0.0.1 /mould/index.php?s=/Admin/changeOffer/
INFO: [ app_begin ] --START--
INFO: Run ReadHtmlCache Behavior [ RunTime:-0.000605s ]
INFO: [ app_begin ] --END-- [ RunTime:0.000911s ]
SQL: SHOW COLUMNS FROM `m_offer` [ RunTime:0.004052s ]
SQL: UPDATE `m_offer` SET `title`='dfsd ',`content`='<p>dsfdsf </p>' WHERE ( `id` = 7 ) [ RunTime:0.002472s ]

[ 2013-02-19T12:15:14+08:00 ] 127.0.0.1 /mould/index.php?s=/Admin/addInvite/
INFO: [ app_begin ] --START--
INFO: Run ReadHtmlCache Behavior [ RunTime:-0.000678s ]
INFO: [ app_begin ] --END-- [ RunTime:0.001046s ]
SQL: SHOW COLUMNS FROM `m_person` [ RunTime:0.003751s ]
SQL: INSERT INTO `m_person` (`title`,`content`,`date`) VALUES ('ds ','<p>dsfad </p>','2013-02-19') [ RunTime:0.001593s ]

[ 2013-02-19T12:15:20+08:00 ] 127.0.0.1 /mould/index.php?s=/Admin/getInviteDetail/
INFO: [ app_begin ] --START--
INFO: Run ReadHtmlCache Behavior [ RunTime:-0.000630s ]
INFO: [ app_begin ] --END-- [ RunTime:0.001192s ]
SQL: SHOW COLUMNS FROM `m_person` [ RunTime:0.004038s ]
SQL: SELECT * FROM `m_person` WHERE id = '1'  [ RunTime:0.000426s ]

[ 2013-02-19T12:15:50+08:00 ] 127.0.0.1 /mould/index.php?s=/Admin/getInviteDetail/
INFO: [ app_begin ] --START--
INFO: Run ReadHtmlCache Behavior [ RunTime:-0.000589s ]
INFO: [ app_begin ] --END-- [ RunTime:0.000918s ]
SQL: SHOW COLUMNS FROM `m_person` [ RunTime:0.003824s ]
SQL: SELECT * FROM `m_person` WHERE id = '2'  [ RunTime:0.000368s ]

[ 2013-02-19T12:15:55+08:00 ] 127.0.0.1 /mould/index.php?s=/Admin/changeInvite/
INFO: [ app_begin ] --START--
INFO: Run ReadHtmlCache Behavior [ RunTime:-0.000720s ]
INFO: [ app_begin ] --END-- [ RunTime:0.001249s ]
SQL: SHOW COLUMNS FROM `m_person` [ RunTime:0.003864s ]
SQL: UPDATE `m_person` SET `title`='ds ',`content`='<p>dsfaddfdsfds </p>' WHERE ( `id` = 2 ) [ RunTime:0.002118s ]

[ 2013-02-19T12:15:57+08:00 ] 127.0.0.1 /mould/index.php?s=/Admin/getInviteDetail/
INFO: [ app_begin ] --START--
INFO: Run ReadHtmlCache Behavior [ RunTime:-0.000672s ]
INFO: [ app_begin ] --END-- [ RunTime:0.001064s ]
SQL: SHOW COLUMNS FROM `m_person` [ RunTime:0.003936s ]
SQL: SELECT * FROM `m_person` WHERE id = '2'  [ RunTime:0.000332s ]

[ 2013-02-19T12:15:58+08:00 ] 127.0.0.1 /mould/index.php?s=/Admin/deleteInvite/
INFO: [ app_begin ] --START--
INFO: Run ReadHtmlCache Behavior [ RunTime:-0.000883s ]
INFO: [ app_begin ] --END-- [ RunTime:0.001277s ]
SQL: SHOW COLUMNS FROM `m_person` [ RunTime:0.003904s ]
SQL: DELETE FROM `m_person` WHERE id = '2' [ RunTime:0.002308s ]

[ 2013-02-19T12:17:41+08:00 ] 127.0.0.1 /mould/index.php?s=/Admin/addOffer/
INFO: [ app_begin ] --START--
INFO: Run ReadHtmlCache Behavior [ RunTime:-0.000705s ]
INFO: [ app_begin ] --END-- [ RunTime:0.001087s ]
SQL: SHOW COLUMNS FROM `m_offer` [ RunTime:0.005696s ]
SQL: INSERT INTO `m_offer` (`title`,`content`,`date`) VALUES ('sdfd ','<p>dsfds fsd </p>','2013-02-19') [ RunTime:0.001858s ]

[ 2013-02-19T12:17:42+08:00 ] 127.0.0.1 /mould/index.php?s=/Admin/addOffer/
INFO: [ app_begin ] --START--
INFO: Run ReadHtmlCache Behavior [ RunTime:-0.000598s ]
INFO: [ app_begin ] --END-- [ RunTime:0.000896s ]
SQL: SHOW COLUMNS FROM `m_offer` [ RunTime:0.003864s ]
SQL: INSERT INTO `m_offer` (`title`,`content`,`date`) VALUES ('sdfd ','<p>dsfds fsd </p>','2013-02-19') [ RunTime:0.002621s ]

[ 2013-02-19T12:19:40+08:00 ] 127.0.0.1 /mould/index.php?s=/Admin/deleteOffer/
INFO: [ app_begin ] --START--
INFO: Run ReadHtmlCache Behavior [ RunTime:-0.000601s ]
INFO: [ app_begin ] --END-- [ RunTime:0.000949s ]
SQL: SHOW COLUMNS FROM `m_offer` [ RunTime:0.004072s ]
SQL: DELETE FROM `m_offer` WHERE id = '7' [ RunTime:0.002139s ]

[ 2013-02-19T12:19:47+08:00 ] 127.0.0.1 /mould/index.php?s=/Admin/addOffer/
INFO: [ app_begin ] --START--
INFO: Run ReadHtmlCache Behavior [ RunTime:-0.000706s ]
INFO: [ app_begin ] --END-- [ RunTime:0.001351s ]
SQL: SHOW COLUMNS FROM `m_offer` [ RunTime:0.004171s ]
SQL: INSERT INTO `m_offer` (`title`,`content`,`date`) VALUES ('dsfds ','<p>dsfd</p>','2013-02-19') [ RunTime:0.001819s ]

[ 2013-02-19T12:20:10+08:00 ] 127.0.0.1 /mould/index.php?s=/Admin/addDeviceType/
INFO: [ app_begin ] --START--
INFO: Run ReadHtmlCache Behavior [ RunTime:-0.000631s ]
INFO: [ app_begin ] --END-- [ RunTime:0.001031s ]
SQL: SHOW COLUMNS FROM `m_device_type` [ RunTime:0.003657s ]
SQL: INSERT INTO `m_device_type` (`type`) VALUES ('dsdfdfd') [ RunTime:0.001562s ]

[ 2013-02-19T12:20:23+08:00 ] 127.0.0.1 /mould/index.php?s=/Admin/deleteDeviceType/
INFO: [ app_begin ] --START--
INFO: Run ReadHtmlCache Behavior [ RunTime:-0.000744s ]
INFO: [ app_begin ] --END-- [ RunTime:0.001182s ]
SQL: SHOW COLUMNS FROM `m_device_type` [ RunTime:0.003706s ]
SQL: DELETE FROM `m_device_type` WHERE id = '3' [ RunTime:0.002536s ]

[ 2013-02-19T12:35:06+08:00 ] ERR: [4] syntax error, unexpected 'public' (T_PUBLIC) D:\wamp\www\mould\Lib\Action\HomeAction.class.php 第 38 行.
[ 2013-02-19T12:36:25+08:00 ] ERR: [4] syntax error, unexpected 'public' (T_PUBLIC) D:\wamp\www\mould\Lib\Action\HomeAction.class.php 第 38 行.
[ 2013-02-19T12:36:25+08:00 ] ERR: [4] syntax error, unexpected 'public' (T_PUBLIC) D:\wamp\www\mould\Lib\Action\HomeAction.class.php 第 38 行.
[ 2013-02-19T12:36:26+08:00 ] ERR: [4] syntax error, unexpected 'public' (T_PUBLIC) D:\wamp\www\mould\Lib\Action\HomeAction.class.php 第 38 行.
[ 2013-02-19T12:37:53+08:00 ] ERR: (ThinkException) Action:getProductTypeList您所请求的方法不存在！
[ 2013-02-19T13:07:41+08:00 ] ERR: [4] syntax error, unexpected 'else' (T_ELSE) D:\wamp\www\mould\Lib\Action\AdminAction.class.php 第 60 行.
[ 2013-02-19T13:07:55+08:00 ] ERR: [4] syntax error, unexpected 'public' (T_PUBLIC) D:\wamp\www\mould\Lib\Action\AdminAction.class.php 第 71 行.
[ 2013-02-19T13:18:39+08:00 ] ERR: (ThinkException) 非法操作: admin
[ 2013-02-19T14:08:20+08:00 ] ERR: (ThinkException) 非法操作: admin
[ 2013-02-19T14:08:30+08:00 ] ERR: (ThinkException) 非法操作: admin
[ 2013-02-19T14:08:31+08:00 ] ERR: (ThinkException) 非法操作: admin
[ 2013-02-19T14:08:32+08:00 ] ERR: (ThinkException) 非法操作: admin
[ 2013-02-19T14:09:11+08:00 ] ERR: (ThinkException) 非法操作: admin
[ 2013-02-19T14:09:42+08:00 ] ERR: (ThinkException) 非法操作: admin
[ 2013-02-19T14:11:18+08:00 ] ERR: (ThinkException) 非法操作: admin
[ 2013-02-19T14:15:07+08:00 ] ERR: (ThinkException) 非法操作: admin
[ 2013-02-19T14:15:08+08:00 ] ERR: (ThinkException) 非法操作: admin
[ 2013-02-19T14:15:08+08:00 ] ERR: (ThinkException) 非法操作: admin
[ 2013-02-19T14:15:08+08:00 ] ERR: (ThinkException) 非法操作: admin
[ 2013-02-19T14:15:57+08:00 ] ERR: (ThinkException) 非法操作: admin
[ 2013-02-19T14:16:03+08:00 ] ERR: (ThinkException) 非法操作: admin
[ 2013-02-19T14:18:37+08:00 ] ERR: (ThinkException) 非法操作: admin
[ 2013-02-19T14:19:12+08:00 ] 127.0.0.1 /mould/index.php?s=/Admin/addInfo/
INFO: [ app_begin ] --START--
INFO: Run ReadHtmlCache Behavior [ RunTime:-0.000657s ]
INFO: [ app_begin ] --END-- [ RunTime:0.001021s ]
SQL: SHOW COLUMNS FROM `m_info` [ RunTime:0.003765s ]
SQL: INSERT INTO `m_info` (`title`,`content`,`date`) VALUES ('','','2013-02-19') [ RunTime:0.041258s ]

[ 2013-02-19T14:19:36+08:00 ] ERR: (ThinkException) 非法操作: admin
[ 2013-02-19T14:20:50+08:00 ] ERR: (ThinkException) 非法操作: admin
[ 2013-02-19T14:28:07+08:00 ] ERR: (ThinkException) 非法操作: admin
[ 2013-02-19T14:43:06+08:00 ] ERR: (ThinkException) 非法操作: admin
[ 2013-02-19T14:50:11+08:00 ] 127.0.0.1 /mould/index.php?s=/Admin/addInfo/
INFO: [ app_begin ] --START--
INFO: Run ReadHtmlCache Behavior [ RunTime:-0.000713s ]
INFO: [ app_begin ] --END-- [ RunTime:0.001296s ]
SQL: SHOW COLUMNS FROM `m_info` [ RunTime:0.003819s ]
SQL: INSERT INTO `m_info` (`title`,`content`,`date`) VALUES ('打发第三方打算','<p>放大所发生的<br></p>','2013-02-19') [ RunTime:0.002667s ]

[ 2013-02-19T14:51:08+08:00 ] 127.0.0.1 /mould/index.php?s=/Admin/addInfo/
INFO: [ app_begin ] --START--
INFO: Run ReadHtmlCache Behavior [ RunTime:-0.000711s ]
INFO: [ app_begin ] --END-- [ RunTime:0.001069s ]
SQL: SHOW COLUMNS FROM `m_info` [ RunTime:0.004208s ]
SQL: INSERT INTO `m_info` (`title`,`content`,`date`) VALUES ('第三方','<p> &nbsp;</p>','2013-02-19') [ RunTime:0.002253s ]

[ 2013-02-19T14:56:31+08:00 ] ERR: (ThinkException) Action:ajaxUploadResult您所请求的方法不存在！
[ 2013-02-19T14:57:26+08:00 ] ERR: (ThinkException) Action:ajaxUploadResult您所请求的方法不存在！
[ 2013-02-19T14:57:53+08:00 ] ERR: (ThinkException) Action:ajaxUploadResult您所请求的方法不存在！
