[ 2013-02-22T00:02:53+08:00 ] 127.0.0.1 /mould/index.php?s=/Admin/deleteProduct/
INFO: [ app_begin ] --START--
INFO: Run ReadHtmlCache Behavior [ RunTime:-0.000943s ]
INFO: [ app_begin ] --END-- [ RunTime:0.001280s ]
SQL: SHOW COLUMNS FROM `m_product` [ RunTime:0.004959s ]
SQL: DELETE FROM `m_product` WHERE id = '6' [ RunTime:0.002219s ]

[ 2013-02-22T00:11:44+08:00 ] 127.0.0.1 /mould/index.php?s=/Admin/getProductDetail/
INFO: [ app_begin ] --START--
INFO: Run ReadHtmlCache Behavior [ RunTime:-0.000893s ]
INFO: [ app_begin ] --END-- [ RunTime:0.001227s ]
SQL: SHOW COLUMNS FROM `m_info` [ RunTime:0.005100s ]
SQL: SELECT * FROM `m_info` WHERE id = '7'  [ RunTime:0.000419s ]

[ 2013-02-22T00:11:50+08:00 ] 127.0.0.1 /mould/index.php?s=/Admin/getProductDetail/
INFO: [ app_begin ] --START--
INFO: Run ReadHtmlCache Behavior [ RunTime:-0.001466s ]
INFO: [ app_begin ] --END-- [ RunTime:0.001269s ]
SQL: SHOW COLUMNS FROM `m_info` [ RunTime:0.004932s ]
SQL: SELECT * FROM `m_info` WHERE id = '11'  [ RunTime:0.000531s ]

[ 2013-02-22T00:11:50+08:00 ] 127.0.0.1 /mould/index.php?s=/Admin/getProductDetail/
INFO: [ app_begin ] --START--
INFO: Run ReadHtmlCache Behavior [ RunTime:-0.001063s ]
INFO: [ app_begin ] --END-- [ RunTime:0.001024s ]
SQL: SHOW COLUMNS FROM `m_info` [ RunTime:0.004494s ]
SQL: SELECT * FROM `m_info` WHERE id = '11'  [ RunTime:0.000346s ]

[ 2013-02-22T00:12:34+08:00 ] 127.0.0.1 /mould/index.php?s=/Admin/getProductDetail/
INFO: [ app_begin ] --START--
INFO: Run ReadHtmlCache Behavior [ RunTime:-0.001185s ]
INFO: [ app_begin ] --END-- [ RunTime:0.001233s ]
SQL: SHOW COLUMNS FROM `m_product` [ RunTime:0.005210s ]
SQL: SELECT * FROM `m_product` WHERE id = '11'  [ RunTime:0.000391s ]

[ 2013-02-22T00:12:34+08:00 ] 127.0.0.1 /mould/index.php?s=/Admin/getProductDetail/
INFO: [ app_begin ] --START--
INFO: Run ReadHtmlCache Behavior [ RunTime:-0.001045s ]
INFO: [ app_begin ] --END-- [ RunTime:0.001552s ]
SQL: SHOW COLUMNS FROM `m_product` [ RunTime:0.004037s ]
SQL: SELECT * FROM `m_product` WHERE id = '11'  [ RunTime:0.000321s ]

[ 2013-02-22T00:20:09+08:00 ] 127.0.0.1 /mould/index.php?s=/Admin/getProductDetail/
INFO: [ app_begin ] --START--
INFO: Run ReadHtmlCache Behavior [ RunTime:-0.001507s ]
INFO: [ app_begin ] --END-- [ RunTime:0.001660s ]
SQL: SHOW COLUMNS FROM `m_product` [ RunTime:0.004721s ]
SQL: SELECT * FROM `m_product` WHERE id = '7'  [ RunTime:0.000344s ]

[ 2013-02-22T00:20:42+08:00 ] 127.0.0.1 /mould/index.php?s=/Admin/getProductDetail/
INFO: [ app_begin ] --START--
INFO: Run ReadHtmlCache Behavior [ RunTime:-0.000791s ]
INFO: [ app_begin ] --END-- [ RunTime:0.001277s ]
SQL: SHOW COLUMNS FROM `m_product` [ RunTime:0.004166s ]
SQL: SELECT * FROM `m_product` WHERE id = '7'  [ RunTime:0.000541s ]

[ 2013-02-22T00:24:10+08:00 ] 127.0.0.1 /mould/index.php?s=/Admin/getProductDetail/
INFO: [ app_begin ] --START--
INFO: Run ReadHtmlCache Behavior [ RunTime:-0.001244s ]
INFO: [ app_begin ] --END-- [ RunTime:0.001832s ]
SQL: SHOW COLUMNS FROM `m_product` [ RunTime:0.003987s ]
SQL: SELECT * FROM `m_product` WHERE id = '11'  [ RunTime:0.000389s ]

[ 2013-02-22T00:28:11+08:00 ] 127.0.0.1 /mould/index.php?s=/Admin/getProductDetail/
INFO: [ app_begin ] --START--
INFO: Run ReadHtmlCache Behavior [ RunTime:-0.000889s ]
INFO: [ app_begin ] --END-- [ RunTime:0.001513s ]
SQL: SHOW COLUMNS FROM `m_product` [ RunTime:0.005083s ]
SQL: SELECT * FROM `m_product` WHERE id = '9'  [ RunTime:0.000498s ]

[ 2013-02-22T00:30:14+08:00 ] 127.0.0.1 /mould/index.php?s=/Admin/getProductDetail/
INFO: [ app_begin ] --START--
INFO: Run ReadHtmlCache Behavior [ RunTime:-0.001221s ]
INFO: [ app_begin ] --END-- [ RunTime:0.001493s ]
SQL: SHOW COLUMNS FROM `m_product` [ RunTime:0.004277s ]
SQL: SELECT * FROM `m_product` WHERE id = '11'  [ RunTime:0.000452s ]

[ 2013-02-22T00:31:18+08:00 ] 127.0.0.1 /mould/index.php?s=/Admin/getProductDetail/
INFO: [ app_begin ] --START--
INFO: Run ReadHtmlCache Behavior [ RunTime:-0.000870s ]
INFO: [ app_begin ] --END-- [ RunTime:0.001198s ]
SQL: SHOW COLUMNS FROM `m_product` [ RunTime:0.004131s ]
SQL: SELECT * FROM `m_product` WHERE id = '11'  [ RunTime:0.000373s ]

[ 2013-02-22T00:31:46+08:00 ] 127.0.0.1 /mould/index.php?s=/Admin/getProductDetail/
INFO: [ app_begin ] --START--
INFO: Run ReadHtmlCache Behavior [ RunTime:-0.001153s ]
INFO: [ app_begin ] --END-- [ RunTime:0.001794s ]
SQL: SHOW COLUMNS FROM `m_product` [ RunTime:0.006934s ]
SQL: SELECT * FROM `m_product` WHERE id = '11'  [ RunTime:0.000731s ]

[ 2013-02-22T00:31:46+08:00 ] 127.0.0.1 /mould/index.php?s=/Admin/getProductDetail/
INFO: [ app_begin ] --START--
INFO: Run ReadHtmlCache Behavior [ RunTime:-0.000744s ]
INFO: [ app_begin ] --END-- [ RunTime:0.001114s ]
SQL: SHOW COLUMNS FROM `m_product` [ RunTime:0.006364s ]
SQL: SELECT * FROM `m_product` WHERE id = '11'  [ RunTime:0.000369s ]

[ 2013-02-22T00:32:34+08:00 ] 127.0.0.1 /mould/index.php?s=/Admin/getProductDetail/
INFO: [ app_begin ] --START--
INFO: Run ReadHtmlCache Behavior [ RunTime:-0.000854s ]
INFO: [ app_begin ] --END-- [ RunTime:0.001518s ]
SQL: SHOW COLUMNS FROM `m_product` [ RunTime:0.005991s ]
SQL: SELECT * FROM `m_product` WHERE id = '11'  [ RunTime:0.000560s ]

[ 2013-02-22T00:32:34+08:00 ] 127.0.0.1 /mould/index.php?s=/Admin/getProductDetail/
INFO: [ app_begin ] --START--
INFO: Run ReadHtmlCache Behavior [ RunTime:-0.000704s ]
INFO: [ app_begin ] --END-- [ RunTime:0.001083s ]
SQL: SHOW COLUMNS FROM `m_product` [ RunTime:0.004585s ]
SQL: SELECT * FROM `m_product` WHERE id = '11'  [ RunTime:0.000445s ]

[ 2013-02-22T00:33:27+08:00 ] 127.0.0.1 /mould/index.php?s=/Admin/getProductDetail/
INFO: [ app_begin ] --START--
INFO: Run ReadHtmlCache Behavior [ RunTime:-0.000988s ]
INFO: [ app_begin ] --END-- [ RunTime:0.001533s ]
SQL: SHOW COLUMNS FROM `m_product` [ RunTime:0.004305s ]
SQL: SELECT * FROM `m_product` WHERE id = '11'  [ RunTime:0.000354s ]

[ 2013-02-22T00:34:12+08:00 ] 127.0.0.1 /mould/index.php?s=/Admin/getProductDetail/
INFO: [ app_begin ] --START--
INFO: Run ReadHtmlCache Behavior [ RunTime:-0.001509s ]
INFO: [ app_begin ] --END-- [ RunTime:0.001754s ]
SQL: SHOW COLUMNS FROM `m_product` [ RunTime:0.004311s ]
SQL: SELECT * FROM `m_product` WHERE id = '11'  [ RunTime:0.000340s ]

[ 2013-02-22T00:34:12+08:00 ] 127.0.0.1 /mould/index.php?s=/Admin/getProductDetail/
INFO: [ app_begin ] --START--
INFO: Run ReadHtmlCache Behavior [ RunTime:-0.000666s ]
INFO: [ app_begin ] --END-- [ RunTime:0.001129s ]
SQL: SHOW COLUMNS FROM `m_product` [ RunTime:0.005588s ]
SQL: SELECT * FROM `m_product` WHERE id = '11'  [ RunTime:0.000506s ]

[ 2013-02-22T00:34:36+08:00 ] 127.0.0.1 /mould/index.php?s=/Admin/getProductDetail/
INFO: [ app_begin ] --START--
INFO: Run ReadHtmlCache Behavior [ RunTime:-0.001004s ]
INFO: [ app_begin ] --END-- [ RunTime:0.001555s ]
SQL: SHOW COLUMNS FROM `m_product` [ RunTime:0.006115s ]
SQL: SELECT * FROM `m_product` WHERE id = '9'  [ RunTime:0.000484s ]

[ 2013-02-22T00:34:36+08:00 ] 127.0.0.1 /mould/index.php?s=/Admin/getProductDetail/
INFO: [ app_begin ] --START--
INFO: Run ReadHtmlCache Behavior [ RunTime:-0.000796s ]
INFO: [ app_begin ] --END-- [ RunTime:0.001431s ]
SQL: SHOW COLUMNS FROM `m_product` [ RunTime:0.004091s ]
SQL: SELECT * FROM `m_product` WHERE id = '9'  [ RunTime:0.000419s ]

[ 2013-02-22T00:35:21+08:00 ] 127.0.0.1 /mould/index.php?s=/Admin/getProductDetail/
INFO: [ app_begin ] --START--
INFO: Run ReadHtmlCache Behavior [ RunTime:-0.000796s ]
INFO: [ app_begin ] --END-- [ RunTime:0.001123s ]
SQL: SHOW COLUMNS FROM `m_product` [ RunTime:0.003919s ]
SQL: SELECT * FROM `m_product` WHERE id = '7'  [ RunTime:0.000323s ]

[ 2013-02-22T00:37:47+08:00 ] 127.0.0.1 /mould/index.php?s=/Admin/getProductDetail/
INFO: [ app_begin ] --START--
INFO: Run ReadHtmlCache Behavior [ RunTime:-0.001517s ]
INFO: [ app_begin ] --END-- [ RunTime:0.001646s ]
SQL: SHOW COLUMNS FROM `m_product` [ RunTime:0.003979s ]
SQL: SELECT * FROM `m_product` WHERE id = '7'  [ RunTime:0.000321s ]

[ 2013-02-22T00:40:35+08:00 ] 127.0.0.1 /mould/index.php?s=/Admin/getProductDetail/
INFO: [ app_begin ] --START--
INFO: Run ReadHtmlCache Behavior [ RunTime:-0.000729s ]
INFO: [ app_begin ] --END-- [ RunTime:0.001113s ]
SQL: SHOW COLUMNS FROM `m_product` [ RunTime:0.003988s ]
SQL: SELECT * FROM `m_product` WHERE id = '8'  [ RunTime:0.000443s ]

[ 2013-02-22T00:40:35+08:00 ] 127.0.0.1 /mould/index.php?s=/Admin/getProductDetail/
INFO: [ app_begin ] --START--
INFO: Run ReadHtmlCache Behavior [ RunTime:-0.001331s ]
INFO: [ app_begin ] --END-- [ RunTime:0.001588s ]
SQL: SHOW COLUMNS FROM `m_product` [ RunTime:0.004491s ]
SQL: SELECT * FROM `m_product` WHERE id = '8'  [ RunTime:0.000483s ]

[ 2013-02-22T00:40:38+08:00 ] 127.0.0.1 /mould/index.php?s=/Admin/deleteProduct/
INFO: [ app_begin ] --START--
INFO: Run ReadHtmlCache Behavior [ RunTime:-0.000947s ]
INFO: [ app_begin ] --END-- [ RunTime:0.001258s ]
SQL: SHOW COLUMNS FROM `m_product` [ RunTime:0.004074s ]
SQL: DELETE FROM `m_product` WHERE id = '8' [ RunTime:0.002317s ]

[ 2013-02-22T00:40:41+08:00 ] 127.0.0.1 /mould/index.php?s=/Admin/getProductDetail/
INFO: [ app_begin ] --START--
INFO: Run ReadHtmlCache Behavior [ RunTime:-0.001042s ]
INFO: [ app_begin ] --END-- [ RunTime:0.001477s ]
SQL: SHOW COLUMNS FROM `m_product` [ RunTime:0.007590s ]
SQL: SELECT * FROM `m_product` WHERE id = '9'  [ RunTime:0.000414s ]

[ 2013-02-22T00:40:41+08:00 ] 127.0.0.1 /mould/index.php?s=/Admin/getProductDetail/
INFO: [ app_begin ] --START--
INFO: Run ReadHtmlCache Behavior [ RunTime:-0.000805s ]
INFO: [ app_begin ] --END-- [ RunTime:0.001195s ]
SQL: SHOW COLUMNS FROM `m_product` [ RunTime:0.005288s ]
SQL: SELECT * FROM `m_product` WHERE id = '9'  [ RunTime:0.000396s ]

[ 2013-02-22T09:56:46+08:00 ] ERR: [4] syntax error, unexpected 'echo' (T_ECHO) D:\wamp\www\mould\Lib\Action\AdminAction.class.php 第 242 行.
[ 2013-02-22T09:58:04+08:00 ] ERR: [4] syntax error, unexpected 'echo' (T_ECHO) D:\wamp\www\mould\Lib\Action\AdminAction.class.php 第 242 行.
[ 2013-02-22T09:58:05+08:00 ] ERR: [4] syntax error, unexpected 'echo' (T_ECHO) D:\wamp\www\mould\Lib\Action\AdminAction.class.php 第 242 行.
[ 2013-02-22T09:58:05+08:00 ] ERR: [4] syntax error, unexpected 'echo' (T_ECHO) D:\wamp\www\mould\Lib\Action\AdminAction.class.php 第 242 行.
[ 2013-02-22T09:58:05+08:00 ] ERR: [4] syntax error, unexpected 'echo' (T_ECHO) D:\wamp\www\mould\Lib\Action\AdminAction.class.php 第 242 行.
[ 2013-02-22T09:58:05+08:00 ] ERR: [4] syntax error, unexpected 'echo' (T_ECHO) D:\wamp\www\mould\Lib\Action\AdminAction.class.php 第 242 行.
[ 2013-02-22T10:20:05+08:00 ] ERR: (ThinkException) Column 'content' cannot be null
 [ SQL语句 ] : INSERT INTO `m_device` (`coverPic`,`coverText`,`content`,`type`,`date`) VALUES ('5126d5d54fecb.jpg','fsafd ',null,'洗衣机','2013-02-22')
[ 2013-02-22T10:21:27+08:00 ] ERR: (ThinkException) Column 'coverPic' cannot be null
 [ SQL语句 ] : INSERT INTO `m_device` (`coverPic`,`coverText`,`content`,`type`,`date`) VALUES (null,null,null,null,'2013-02-22')
[ 2013-02-22T10:21:59+08:00 ] 127.0.0.1 /mould/index.php?s=/Admin/addDeviceType/
INFO: [ app_begin ] --START--
INFO: Run ReadHtmlCache Behavior [ RunTime:-0.000818s ]
INFO: [ app_begin ] --END-- [ RunTime:0.001240s ]
SQL: SHOW COLUMNS FROM `m_device_type` [ RunTime:0.004142s ]
SQL: INSERT INTO `m_device_type` (`type`) VALUES ('fsdfd') [ RunTime:0.002104s ]

[ 2013-02-22T10:22:05+08:00 ] 127.0.0.1 /mould/index.php?s=/Admin/deleteDeviceType/
INFO: [ app_begin ] --START--
INFO: Run ReadHtmlCache Behavior [ RunTime:-0.000780s ]
INFO: [ app_begin ] --END-- [ RunTime:0.001393s ]
SQL: SHOW COLUMNS FROM `m_device_type` [ RunTime:0.003722s ]
SQL: DELETE FROM `m_device_type` WHERE id = '3' [ RunTime:0.002662s ]

[ 2013-02-22T10:22:14+08:00 ] 127.0.0.1 /mould/index.php?s=/Admin/getDeviceDetail/
INFO: [ app_begin ] --START--
INFO: Run ReadHtmlCache Behavior [ RunTime:-0.001158s ]
INFO: [ app_begin ] --END-- [ RunTime:0.001819s ]
SQL: SHOW COLUMNS FROM `m_device` [ RunTime:0.003961s ]
SQL: SELECT * FROM `m_device` WHERE id = '1'  [ RunTime:0.000366s ]

[ 2013-02-22T10:23:14+08:00 ] 127.0.0.1 /mould/index.php?s=/Admin/getDeviceDetail/
INFO: [ app_begin ] --START--
INFO: Run ReadHtmlCache Behavior [ RunTime:-0.001538s ]
INFO: [ app_begin ] --END-- [ RunTime:0.001084s ]
SQL: SHOW COLUMNS FROM `m_device` [ RunTime:0.004170s ]
SQL: SELECT * FROM `m_device` WHERE id = '1'  [ RunTime:0.000404s ]

[ 2013-02-22T10:23:47+08:00 ] 127.0.0.1 /mould/index.php?s=/Admin/getDeviceDetail/
INFO: [ app_begin ] --START--
INFO: Run ReadHtmlCache Behavior [ RunTime:-0.001023s ]
INFO: [ app_begin ] --END-- [ RunTime:0.001322s ]
SQL: SHOW COLUMNS FROM `m_device` [ RunTime:0.004088s ]
SQL: SELECT * FROM `m_device` WHERE id = '1'  [ RunTime:0.000397s ]

[ 2013-02-22T10:23:59+08:00 ] 127.0.0.1 /mould/index.php?s=/Admin/getDeviceDetail/
INFO: [ app_begin ] --START--
INFO: Run ReadHtmlCache Behavior [ RunTime:-0.001189s ]
INFO: [ app_begin ] --END-- [ RunTime:0.001836s ]
SQL: SHOW COLUMNS FROM `m_device` [ RunTime:0.004203s ]
SQL: SELECT * FROM `m_device` WHERE id = '1'  [ RunTime:0.000514s ]

[ 2013-02-22T10:27:24+08:00 ] 127.0.0.1 /mould/index.php?s=/Admin/getDeviceDetail/
INFO: [ app_begin ] --START--
INFO: Run ReadHtmlCache Behavior [ RunTime:-0.000729s ]
INFO: [ app_begin ] --END-- [ RunTime:0.001085s ]
SQL: SHOW COLUMNS FROM `m_device` [ RunTime:0.007864s ]
SQL: SELECT * FROM `m_device` WHERE id = '1'  [ RunTime:0.000477s ]

[ 2013-02-22T10:27:24+08:00 ] 127.0.0.1 /mould/index.php?s=/Admin/getDeviceDetail/
INFO: [ app_begin ] --START--
INFO: Run ReadHtmlCache Behavior [ RunTime:-0.000719s ]
INFO: [ app_begin ] --END-- [ RunTime:0.001405s ]
SQL: SHOW COLUMNS FROM `m_device` [ RunTime:0.004130s ]
SQL: SELECT * FROM `m_device` WHERE id = '1'  [ RunTime:0.000324s ]

[ 2013-02-22T10:28:25+08:00 ] 127.0.0.1 /mould/index.php?s=/Admin/getDeviceDetail/
INFO: [ app_begin ] --START--
INFO: Run ReadHtmlCache Behavior [ RunTime:-0.000854s ]
INFO: [ app_begin ] --END-- [ RunTime:0.001806s ]
SQL: SHOW COLUMNS FROM `m_device` [ RunTime:0.004527s ]
SQL: SELECT * FROM `m_device` WHERE id = '1'  [ RunTime:0.000392s ]

[ 2013-02-22T10:28:25+08:00 ] 127.0.0.1 /mould/index.php?s=/Admin/getDeviceDetail/
INFO: [ app_begin ] --START--
INFO: Run ReadHtmlCache Behavior [ RunTime:-0.000737s ]
INFO: [ app_begin ] --END-- [ RunTime:0.001555s ]
SQL: SHOW COLUMNS FROM `m_device` [ RunTime:0.005524s ]
SQL: SELECT * FROM `m_device` WHERE id = '1'  [ RunTime:0.000427s ]

[ 2013-02-22T10:29:08+08:00 ] 127.0.0.1 /mould/index.php?s=/Admin/getDeviceDetail/
INFO: [ app_begin ] --START--
INFO: Run ReadHtmlCache Behavior [ RunTime:-0.001256s ]
INFO: [ app_begin ] --END-- [ RunTime:0.001649s ]
SQL: SHOW COLUMNS FROM `m_device` [ RunTime:0.004154s ]
SQL: SELECT * FROM `m_device` WHERE id = '1'  [ RunTime:0.000519s ]

[ 2013-02-22T10:36:03+08:00 ] ERR: (ThinkException) 非法操作:index
[ 2013-02-22T10:36:03+08:00 ] ERR: (ThinkException) 非法操作:index
[ 2013-02-22T10:52:08+08:00 ] ERR: [1] Call to a member function where() on a non-object D:\wamp\www\mould\Lib\Action\ContentAction.class.php 第 42 行.
[ 2013-02-22T10:54:40+08:00 ] ERR: [1] Call to a member function select() on a non-object D:\wamp\www\mould\Lib\Action\ContentAction.class.php 第 43 行.
[ 2013-02-22T11:00:29+08:00 ] ERR: [4] syntax error, unexpected 'public' (T_PUBLIC) D:\wamp\www\mould\Lib\Action\DeviceAction.class.php 第 15 行.
[ 2013-02-22T11:17:19+08:00 ] ERR: [4] syntax error, unexpected '/', expecting ')' D:\wamp\www\mould\Lib\Action\AdminAction.class.php 第 65 行.
[ 2013-02-22T11:17:19+08:00 ] ERR: [4] syntax error, unexpected '/', expecting ')' D:\wamp\www\mould\Lib\Action\AdminAction.class.php 第 65 行.
[ 2013-02-22T12:40:23+08:00 ] 127.0.0.1 /mould/index.php?s=/Admin/deleteUser
INFO: [ app_begin ] --START--
INFO: Run ReadHtmlCache Behavior [ RunTime:-0.001011s ]
INFO: [ app_begin ] --END-- [ RunTime:0.001135s ]
NOTIC: [8] Undefined index: id D:\wamp\www\mould\Lib\Action\AdminAction.class.php 第 94 行.
NOTIC: [8] Undefined index: oldPassword D:\wamp\www\mould\Lib\Action\AdminAction.class.php 第 95 行.
SQL: SHOW COLUMNS FROM `m_admin` [ RunTime:0.003956s ]
SQL: SELECT * FROM `m_admin` WHERE ( `id` = 0 ) LIMIT 1   [ RunTime:0.000295s ]

[ 2013-02-22T12:40:53+08:00 ] 127.0.0.1 /mould/index.php?s=/Admin/deleteUser
INFO: [ app_begin ] --START--
INFO: Run ReadHtmlCache Behavior [ RunTime:-0.002247s ]
INFO: [ app_begin ] --END-- [ RunTime:0.001123s ]
NOTIC: [8] Undefined index: id D:\wamp\www\mould\Lib\Action\AdminAction.class.php 第 94 行.
NOTIC: [8] Undefined index: oldPassword D:\wamp\www\mould\Lib\Action\AdminAction.class.php 第 95 行.
SQL: SHOW COLUMNS FROM `m_admin` [ RunTime:0.003863s ]
SQL: SELECT * FROM `m_admin` WHERE ( `id` = 0 ) LIMIT 1   [ RunTime:0.000285s ]

[ 2013-02-22T12:41:07+08:00 ] 127.0.0.1 /mould/index.php?s=/Admin/deleteUser
INFO: [ app_begin ] --START--
INFO: Run ReadHtmlCache Behavior [ RunTime:-0.001190s ]
INFO: [ app_begin ] --END-- [ RunTime:0.001181s ]
NOTIC: [8] Undefined index: id D:\wamp\www\mould\Lib\Action\AdminAction.class.php 第 94 行.
NOTIC: [8] Undefined index: oldPassword D:\wamp\www\mould\Lib\Action\AdminAction.class.php 第 95 行.
SQL: SHOW COLUMNS FROM `m_admin` [ RunTime:0.004610s ]
SQL: SELECT * FROM `m_admin` WHERE ( `id` = 0 ) LIMIT 1   [ RunTime:0.000523s ]

[ 2013-02-22T12:42:42+08:00 ] 127.0.0.1 /mould/index.php?s=/Admin/deleteUser
INFO: [ app_begin ] --START--
INFO: Run ReadHtmlCache Behavior [ RunTime:-0.000699s ]
INFO: [ app_begin ] --END-- [ RunTime:0.001112s ]
NOTIC: [8] Undefined index: id D:\wamp\www\mould\Lib\Action\AdminAction.class.php 第 94 行.
NOTIC: [8] Undefined index: oldPassword D:\wamp\www\mould\Lib\Action\AdminAction.class.php 第 95 行.
SQL: SHOW COLUMNS FROM `m_admin` [ RunTime:0.004481s ]
SQL: SELECT * FROM `m_admin` WHERE ( `id` = 0 ) LIMIT 1   [ RunTime:0.000428s ]
SQL: DELETE FROM `m_admin` WHERE id = '' [ RunTime:0.000227s ]

[ 2013-02-22T12:43:49+08:00 ] 127.0.0.1 /mould/index.php?s=/Admin/deleteUser
INFO: [ app_begin ] --START--
INFO: Run ReadHtmlCache Behavior [ RunTime:-0.000715s ]
INFO: [ app_begin ] --END-- [ RunTime:0.001181s ]
NOTIC: [8] Undefined index: id D:\wamp\www\mould\Lib\Action\AdminAction.class.php 第 94 行.
NOTIC: [8] Undefined index: oldPassword D:\wamp\www\mould\Lib\Action\AdminAction.class.php 第 95 行.
SQL: SHOW COLUMNS FROM `m_admin` [ RunTime:0.004792s ]
SQL: SELECT * FROM `m_admin` WHERE ( `id` = 0 ) LIMIT 1   [ RunTime:0.000347s ]
SQL: DELETE FROM `m_admin` WHERE id = '' [ RunTime:0.000245s ]

[ 2013-02-22T12:44:41+08:00 ] 127.0.0.1 /mould/index.php?s=/Admin/deleteUser
INFO: [ app_begin ] --START--
INFO: Run ReadHtmlCache Behavior [ RunTime:-0.001178s ]
INFO: [ app_begin ] --END-- [ RunTime:0.001342s ]
NOTIC: [8] Undefined index: id D:\wamp\www\mould\Lib\Action\AdminAction.class.php 第 94 行.
NOTIC: [8] Undefined index: oldPassword D:\wamp\www\mould\Lib\Action\AdminAction.class.php 第 95 行.
SQL: SHOW COLUMNS FROM `m_admin` [ RunTime:0.006161s ]
SQL: SELECT * FROM `m_admin` WHERE ( `id` = 0 ) LIMIT 1   [ RunTime:0.000387s ]
SQL: DELETE FROM `m_admin` WHERE id = '' [ RunTime:0.000304s ]

[ 2013-02-22T12:46:35+08:00 ] 127.0.0.1 /mould/index.php?s=/Admin/deleteUser
INFO: [ app_begin ] --START--
INFO: Run ReadHtmlCache Behavior [ RunTime:-0.000863s ]
INFO: [ app_begin ] --END-- [ RunTime:0.001329s ]
NOTIC: [8] Undefined index: id D:\wamp\www\mould\Lib\Action\AdminAction.class.php 第 94 行.
NOTIC: [8] Undefined index: oldPassword D:\wamp\www\mould\Lib\Action\AdminAction.class.php 第 95 行.
SQL: SHOW COLUMNS FROM `m_admin` [ RunTime:0.005111s ]
SQL: SELECT `pass` FROM `m_admin` WHERE id = '' LIMIT 1   [ RunTime:0.001055s ]
SQL: DELETE FROM `m_admin` WHERE id = '' [ RunTime:0.000313s ]

[ 2013-02-22T12:47:26+08:00 ] 127.0.0.1 /mould/index.php?s=/Admin/deleteUser
INFO: [ app_begin ] --START--
INFO: Run ReadHtmlCache Behavior [ RunTime:-0.001577s ]
INFO: [ app_begin ] --END-- [ RunTime:0.002020s ]
NOTIC: [8] Undefined index: id D:\wamp\www\mould\Lib\Action\AdminAction.class.php 第 94 行.
NOTIC: [8] Undefined index: oldPassword D:\wamp\www\mould\Lib\Action\AdminAction.class.php 第 95 行.
SQL: SHOW COLUMNS FROM `m_admin` [ RunTime:0.003734s ]
SQL: SELECT `pass` FROM `m_admin` WHERE id = '' LIMIT 1   [ RunTime:0.000266s ]

[ 2013-02-22T12:47:47+08:00 ] 127.0.0.1 /mould/index.php?s=/Admin/deleteUser
INFO: [ app_begin ] --START--
INFO: Run ReadHtmlCache Behavior [ RunTime:-0.000765s ]
INFO: [ app_begin ] --END-- [ RunTime:0.002586s ]
NOTIC: [8] Undefined index: id D:\wamp\www\mould\Lib\Action\AdminAction.class.php 第 94 行.
NOTIC: [8] Undefined index: oldPassword D:\wamp\www\mould\Lib\Action\AdminAction.class.php 第 95 行.
SQL: SHOW COLUMNS FROM `m_admin` [ RunTime:0.005377s ]
SQL: SELECT `pass` FROM `m_admin` WHERE id = '' LIMIT 1   [ RunTime:0.000371s ]

[ 2013-02-22T12:48:11+08:00 ] 127.0.0.1 /mould/index.php?s=/Admin/deleteUser
INFO: [ app_begin ] --START--
INFO: Run ReadHtmlCache Behavior [ RunTime:-0.000750s ]
INFO: [ app_begin ] --END-- [ RunTime:0.001982s ]
NOTIC: [8] Undefined index: id D:\wamp\www\mould\Lib\Action\AdminAction.class.php 第 94 行.
NOTIC: [8] Undefined index: oldPassword D:\wamp\www\mould\Lib\Action\AdminAction.class.php 第 95 行.
SQL: SHOW COLUMNS FROM `m_admin` [ RunTime:0.004166s ]
SQL: SELECT `pass` FROM `m_admin` WHERE id = '' LIMIT 1   [ RunTime:0.000405s ]

[ 2013-02-22T12:48:50+08:00 ] 127.0.0.1 /mould/index.php?s=/Admin/deleteUser
INFO: [ app_begin ] --START--
INFO: Run ReadHtmlCache Behavior [ RunTime:-0.000782s ]
INFO: [ app_begin ] --END-- [ RunTime:0.001119s ]
NOTIC: [8] Undefined index: id D:\wamp\www\mould\Lib\Action\AdminAction.class.php 第 94 行.
NOTIC: [8] Undefined index: oldPassword D:\wamp\www\mould\Lib\Action\AdminAction.class.php 第 95 行.
SQL: SHOW COLUMNS FROM `m_admin` [ RunTime:0.003908s ]
SQL: SELECT `pass` FROM `m_admin` WHERE id = '' LIMIT 1   [ RunTime:0.000490s ]

[ 2013-02-22T12:48:55+08:00 ] 127.0.0.1 /mould/index.php?s=/Admin/deleteUser
INFO: [ app_begin ] --START--
INFO: Run ReadHtmlCache Behavior [ RunTime:-0.001087s ]
INFO: [ app_begin ] --END-- [ RunTime:0.001544s ]
NOTIC: [8] Undefined index: id D:\wamp\www\mould\Lib\Action\AdminAction.class.php 第 94 行.
NOTIC: [8] Undefined index: oldPassword D:\wamp\www\mould\Lib\Action\AdminAction.class.php 第 95 行.
SQL: SHOW COLUMNS FROM `m_admin` [ RunTime:0.003837s ]
SQL: SELECT `pass` FROM `m_admin` WHERE id = '' LIMIT 1   [ RunTime:0.000249s ]

[ 2013-02-22T12:49:37+08:00 ] 127.0.0.1 /mould/index.php?s=/Admin/deleteUser
INFO: [ app_begin ] --START--
INFO: Run ReadHtmlCache Behavior [ RunTime:-0.000617s ]
INFO: [ app_begin ] --END-- [ RunTime:0.001030s ]
NOTIC: [8] Undefined index: id D:\wamp\www\mould\Lib\Action\AdminAction.class.php 第 94 行.
NOTIC: [8] Undefined index: oldPassword D:\wamp\www\mould\Lib\Action\AdminAction.class.php 第 95 行.
SQL: SHOW COLUMNS FROM `m_admin` [ RunTime:0.003673s ]
SQL: SELECT `name` FROM `m_admin` WHERE id = '' LIMIT 1   [ RunTime:0.000259s ]

[ 2013-02-22T12:49:40+08:00 ] 127.0.0.1 /mould/index.php?s=/Admin/deleteUser
INFO: [ app_begin ] --START--
INFO: Run ReadHtmlCache Behavior [ RunTime:-0.000692s ]
INFO: [ app_begin ] --END-- [ RunTime:0.001111s ]
NOTIC: [8] Undefined index: id D:\wamp\www\mould\Lib\Action\AdminAction.class.php 第 94 行.
NOTIC: [8] Undefined index: oldPassword D:\wamp\www\mould\Lib\Action\AdminAction.class.php 第 95 行.
SQL: SHOW COLUMNS FROM `m_admin` [ RunTime:0.005902s ]
SQL: SELECT `name` FROM `m_admin` WHERE id = '' LIMIT 1   [ RunTime:0.000310s ]

[ 2013-02-22T12:50:10+08:00 ] 127.0.0.1 /mould/index.php?s=/Admin/deleteUser
INFO: [ app_begin ] --START--
INFO: Run ReadHtmlCache Behavior [ RunTime:-0.000733s ]
INFO: [ app_begin ] --END-- [ RunTime:0.001055s ]
NOTIC: [8] Undefined index: id D:\wamp\www\mould\Lib\Action\AdminAction.class.php 第 94 行.
NOTIC: [8] Undefined index: oldPassword D:\wamp\www\mould\Lib\Action\AdminAction.class.php 第 95 行.
SQL: SHOW COLUMNS FROM `m_admin` [ RunTime:0.005057s ]
SQL: SELECT `name` FROM `m_admin` WHERE id = '' LIMIT 1   [ RunTime:0.000519s ]

[ 2013-02-22T12:50:32+08:00 ] 127.0.0.1 /mould/index.php?s=/Admin/deleteUser
INFO: [ app_begin ] --START--
INFO: Run ReadHtmlCache Behavior [ RunTime:-0.000699s ]
INFO: [ app_begin ] --END-- [ RunTime:0.001761s ]
NOTIC: [8] Undefined index: id D:\wamp\www\mould\Lib\Action\AdminAction.class.php 第 94 行.
NOTIC: [8] Undefined index: oldPassword D:\wamp\www\mould\Lib\Action\AdminAction.class.php 第 95 行.
SQL: SHOW COLUMNS FROM `m_admin` [ RunTime:0.005743s ]
SQL: SELECT `pass` FROM `m_admin` WHERE id = '' LIMIT 1   [ RunTime:0.000282s ]

[ 2013-02-22T12:50:41+08:00 ] 127.0.0.1 /mould/index.php?s=/Admin/deleteUser
INFO: [ app_begin ] --START--
INFO: Run ReadHtmlCache Behavior [ RunTime:-0.000699s ]
INFO: [ app_begin ] --END-- [ RunTime:0.001177s ]
NOTIC: [8] Undefined index: id D:\wamp\www\mould\Lib\Action\AdminAction.class.php 第 94 行.
NOTIC: [8] Undefined index: oldPassword D:\wamp\www\mould\Lib\Action\AdminAction.class.php 第 95 行.
SQL: SHOW COLUMNS FROM `m_admin` [ RunTime:0.004109s ]
SQL: SELECT `pass` FROM `m_admin` WHERE id = '' LIMIT 1   [ RunTime:0.000349s ]

[ 2013-02-22T12:50:54+08:00 ] 127.0.0.1 /mould/index.php?s=/Admin/deleteUser
INFO: [ app_begin ] --START--
INFO: Run ReadHtmlCache Behavior [ RunTime:-0.000685s ]
INFO: [ app_begin ] --END-- [ RunTime:0.001057s ]
NOTIC: [8] Undefined index: id D:\wamp\www\mould\Lib\Action\AdminAction.class.php 第 94 行.
NOTIC: [8] Undefined index: oldPassword D:\wamp\www\mould\Lib\Action\AdminAction.class.php 第 95 行.
SQL: SHOW COLUMNS FROM `m_admin` [ RunTime:0.003832s ]
SQL: SELECT `pass` FROM `m_admin` WHERE id = '' LIMIT 1   [ RunTime:0.000295s ]

[ 2013-02-22T12:50:56+08:00 ] 127.0.0.1 /mould/index.php?s=/Admin/deleteUser
INFO: [ app_begin ] --START--
INFO: Run ReadHtmlCache Behavior [ RunTime:-0.000811s ]
INFO: [ app_begin ] --END-- [ RunTime:0.001457s ]
NOTIC: [8] Undefined index: id D:\wamp\www\mould\Lib\Action\AdminAction.class.php 第 94 行.
NOTIC: [8] Undefined index: oldPassword D:\wamp\www\mould\Lib\Action\AdminAction.class.php 第 95 行.
SQL: SHOW COLUMNS FROM `m_admin` [ RunTime:0.004695s ]
SQL: SELECT `pass` FROM `m_admin` WHERE id = '' LIMIT 1   [ RunTime:0.000325s ]

[ 2013-02-22T12:51:14+08:00 ] 127.0.0.1 /mould/index.php?s=/Admin/deleteUser
INFO: [ app_begin ] --START--
INFO: Run ReadHtmlCache Behavior [ RunTime:-0.000812s ]
INFO: [ app_begin ] --END-- [ RunTime:0.001049s ]
NOTIC: [8] Undefined index: id D:\wamp\www\mould\Lib\Action\AdminAction.class.php 第 94 行.
NOTIC: [8] Undefined index: oldPassword D:\wamp\www\mould\Lib\Action\AdminAction.class.php 第 95 行.
SQL: SHOW COLUMNS FROM `m_admin` [ RunTime:0.004854s ]
SQL: SELECT `pass` FROM `m_admin` WHERE id = '' LIMIT 1   [ RunTime:0.000444s ]

[ 2013-02-22T12:57:07+08:00 ] ERR: [4] syntax error, unexpected '$pass' (T_VARIABLE), expecting ',' or ';' D:\wamp\www\mould\Lib\Action\AdminAction.class.php 第 99 行.
[ 2013-02-22T12:57:50+08:00 ] 127.0.0.1 /mould/index.php?s=/Admin/deleteUser
INFO: [ app_begin ] --START--
INFO: Run ReadHtmlCache Behavior [ RunTime:-0.000947s ]
INFO: [ app_begin ] --END-- [ RunTime:0.001650s ]
NOTIC: [8] Undefined index: id D:\wamp\www\mould\Lib\Action\AdminAction.class.php 第 94 行.
NOTIC: [8] Undefined index: oldPassword D:\wamp\www\mould\Lib\Action\AdminAction.class.php 第 95 行.
SQL: SHOW COLUMNS FROM `m_admin` [ RunTime:0.004031s ]
SQL: SELECT `pass` FROM `m_admin` WHERE id = '' LIMIT 1   [ RunTime:0.000468s ]

[ 2013-02-22T12:57:52+08:00 ] 127.0.0.1 /mould/index.php?s=/Admin/deleteUser
INFO: [ app_begin ] --START--
INFO: Run ReadHtmlCache Behavior [ RunTime:-0.001284s ]
INFO: [ app_begin ] --END-- [ RunTime:0.002262s ]
NOTIC: [8] Undefined index: id D:\wamp\www\mould\Lib\Action\AdminAction.class.php 第 94 行.
NOTIC: [8] Undefined index: oldPassword D:\wamp\www\mould\Lib\Action\AdminAction.class.php 第 95 行.
SQL: SHOW COLUMNS FROM `m_admin` [ RunTime:0.003734s ]
SQL: SELECT `pass` FROM `m_admin` WHERE id = '' LIMIT 1   [ RunTime:0.000270s ]

[ 2013-02-22T12:57:52+08:00 ] 127.0.0.1 /mould/index.php?s=/Admin/deleteUser
INFO: [ app_begin ] --START--
INFO: Run ReadHtmlCache Behavior [ RunTime:-0.000558s ]
INFO: [ app_begin ] --END-- [ RunTime:0.000983s ]
NOTIC: [8] Undefined index: id D:\wamp\www\mould\Lib\Action\AdminAction.class.php 第 94 行.
NOTIC: [8] Undefined index: oldPassword D:\wamp\www\mould\Lib\Action\AdminAction.class.php 第 95 行.
SQL: SHOW COLUMNS FROM `m_admin` [ RunTime:0.003808s ]
SQL: SELECT `pass` FROM `m_admin` WHERE id = '' LIMIT 1   [ RunTime:0.000287s ]

[ 2013-02-22T12:57:53+08:00 ] 127.0.0.1 /mould/index.php?s=/Admin/deleteUser
INFO: [ app_begin ] --START--
INFO: Run ReadHtmlCache Behavior [ RunTime:-0.000731s ]
INFO: [ app_begin ] --END-- [ RunTime:0.001291s ]
NOTIC: [8] Undefined index: id D:\wamp\www\mould\Lib\Action\AdminAction.class.php 第 94 行.
NOTIC: [8] Undefined index: oldPassword D:\wamp\www\mould\Lib\Action\AdminAction.class.php 第 95 行.
SQL: SHOW COLUMNS FROM `m_admin` [ RunTime:0.003862s ]
SQL: SELECT `pass` FROM `m_admin` WHERE id = '' LIMIT 1   [ RunTime:0.000307s ]

[ 2013-02-22T12:57:53+08:00 ] 127.0.0.1 /mould/index.php?s=/Admin/deleteUser
INFO: [ app_begin ] --START--
INFO: Run ReadHtmlCache Behavior [ RunTime:-0.000572s ]
INFO: [ app_begin ] --END-- [ RunTime:0.000919s ]
NOTIC: [8] Undefined index: id D:\wamp\www\mould\Lib\Action\AdminAction.class.php 第 94 行.
NOTIC: [8] Undefined index: oldPassword D:\wamp\www\mould\Lib\Action\AdminAction.class.php 第 95 行.
SQL: SHOW COLUMNS FROM `m_admin` [ RunTime:0.003863s ]
SQL: SELECT `pass` FROM `m_admin` WHERE id = '' LIMIT 1   [ RunTime:0.000402s ]

[ 2013-02-22T12:57:53+08:00 ] 127.0.0.1 /mould/index.php?s=/Admin/deleteUser
INFO: [ app_begin ] --START--
INFO: Run ReadHtmlCache Behavior [ RunTime:-0.000630s ]
INFO: [ app_begin ] --END-- [ RunTime:0.001370s ]
NOTIC: [8] Undefined index: id D:\wamp\www\mould\Lib\Action\AdminAction.class.php 第 94 行.
NOTIC: [8] Undefined index: oldPassword D:\wamp\www\mould\Lib\Action\AdminAction.class.php 第 95 行.
SQL: SHOW COLUMNS FROM `m_admin` [ RunTime:0.003842s ]
SQL: SELECT `pass` FROM `m_admin` WHERE id = '' LIMIT 1   [ RunTime:0.000384s ]

[ 2013-02-22T12:57:53+08:00 ] 127.0.0.1 /mould/index.php?s=/Admin/deleteUser
INFO: [ app_begin ] --START--
INFO: Run ReadHtmlCache Behavior [ RunTime:-0.000644s ]
INFO: [ app_begin ] --END-- [ RunTime:0.001493s ]
NOTIC: [8] Undefined index: id D:\wamp\www\mould\Lib\Action\AdminAction.class.php 第 94 行.
NOTIC: [8] Undefined index: oldPassword D:\wamp\www\mould\Lib\Action\AdminAction.class.php 第 95 行.
SQL: SHOW COLUMNS FROM `m_admin` [ RunTime:0.003795s ]
SQL: SELECT `pass` FROM `m_admin` WHERE id = '' LIMIT 1   [ RunTime:0.000318s ]

[ 2013-02-22T12:57:54+08:00 ] 127.0.0.1 /mould/index.php?s=/Admin/deleteUser
INFO: [ app_begin ] --START--
INFO: Run ReadHtmlCache Behavior [ RunTime:-0.000846s ]
INFO: [ app_begin ] --END-- [ RunTime:0.001346s ]
NOTIC: [8] Undefined index: id D:\wamp\www\mould\Lib\Action\AdminAction.class.php 第 94 行.
NOTIC: [8] Undefined index: oldPassword D:\wamp\www\mould\Lib\Action\AdminAction.class.php 第 95 行.
SQL: SHOW COLUMNS FROM `m_admin` [ RunTime:0.003937s ]
SQL: SELECT `pass` FROM `m_admin` WHERE id = '' LIMIT 1   [ RunTime:0.000259s ]

[ 2013-02-22T12:57:54+08:00 ] 127.0.0.1 /mould/index.php?s=/Admin/deleteUser
INFO: [ app_begin ] --START--
INFO: Run ReadHtmlCache Behavior [ RunTime:-0.000735s ]
INFO: [ app_begin ] --END-- [ RunTime:0.001224s ]
NOTIC: [8] Undefined index: id D:\wamp\www\mould\Lib\Action\AdminAction.class.php 第 94 行.
NOTIC: [8] Undefined index: oldPassword D:\wamp\www\mould\Lib\Action\AdminAction.class.php 第 95 行.
SQL: SHOW COLUMNS FROM `m_admin` [ RunTime:0.005914s ]
SQL: SELECT `pass` FROM `m_admin` WHERE id = '' LIMIT 1   [ RunTime:0.000433s ]

[ 2013-02-22T12:57:59+08:00 ] 127.0.0.1 /mould/index.php?s=/Admin/deleteUser
INFO: [ app_begin ] --START--
INFO: Run ReadHtmlCache Behavior [ RunTime:-0.000859s ]
INFO: [ app_begin ] --END-- [ RunTime:0.001103s ]
NOTIC: [8] Undefined index: id D:\wamp\www\mould\Lib\Action\AdminAction.class.php 第 94 行.
NOTIC: [8] Undefined index: oldPassword D:\wamp\www\mould\Lib\Action\AdminAction.class.php 第 95 行.
SQL: SHOW COLUMNS FROM `m_admin` [ RunTime:0.004177s ]
SQL: SELECT `pass` FROM `m_admin` WHERE id = '' LIMIT 1   [ RunTime:0.000343s ]

[ 2013-02-22T12:58:38+08:00 ] 127.0.0.1 /mould/index.php?s=/Admin/deleteUser
INFO: [ app_begin ] --START--
INFO: Run ReadHtmlCache Behavior [ RunTime:-0.000630s ]
INFO: [ app_begin ] --END-- [ RunTime:0.000950s ]
NOTIC: [8] Undefined index: id D:\wamp\www\mould\Lib\Action\AdminAction.class.php 第 94 行.
NOTIC: [8] Undefined index: oldPassword D:\wamp\www\mould\Lib\Action\AdminAction.class.php 第 95 行.
SQL: SHOW COLUMNS FROM `m_admin` [ RunTime:0.003879s ]
SQL: SELECT `pass` FROM `m_admin` WHERE id = '' LIMIT 1   [ RunTime:0.000256s ]

[ 2013-02-22T12:59:14+08:00 ] 127.0.0.1 /mould/index.php?s=/Admin/deleteUser
INFO: [ app_begin ] --START--
INFO: Run ReadHtmlCache Behavior [ RunTime:-0.000716s ]
INFO: [ app_begin ] --END-- [ RunTime:0.001055s ]
NOTIC: [8] Undefined index: id D:\wamp\www\mould\Lib\Action\AdminAction.class.php 第 94 行.
NOTIC: [8] Undefined index: oldPassword D:\wamp\www\mould\Lib\Action\AdminAction.class.php 第 95 行.
SQL: SHOW COLUMNS FROM `m_admin` [ RunTime:0.003754s ]
SQL: SELECT `pass` FROM `m_admin` WHERE id = '' LIMIT 1   [ RunTime:0.000299s ]

[ 2013-02-22T12:59:37+08:00 ] 127.0.0.1 /mould/index.php?s=/Admin/deleteUser
INFO: [ app_begin ] --START--
INFO: Run ReadHtmlCache Behavior [ RunTime:-0.001228s ]
INFO: [ app_begin ] --END-- [ RunTime:0.002256s ]
NOTIC: [8] Undefined index: id D:\wamp\www\mould\Lib\Action\AdminAction.class.php 第 94 行.
NOTIC: [8] Undefined index: oldPassword D:\wamp\www\mould\Lib\Action\AdminAction.class.php 第 95 行.
SQL: SHOW COLUMNS FROM `m_admin` [ RunTime:0.005970s ]
SQL: SELECT `pass` FROM `m_admin` WHERE id = 1 LIMIT 1   [ RunTime:0.000646s ]

[ 2013-02-22T13:00:08+08:00 ] 127.0.0.1 /mould/index.php?s=/Admin/deleteUser
INFO: [ app_begin ] --START--
INFO: Run ReadHtmlCache Behavior [ RunTime:-0.000807s ]
INFO: [ app_begin ] --END-- [ RunTime:0.001102s ]
SQL: SHOW COLUMNS FROM `m_admin` [ RunTime:0.005133s ]
SQL: SELECT `pass` FROM `m_admin` WHERE id = '1' LIMIT 1   [ RunTime:0.000636s ]

[ 2013-02-22T13:00:49+08:00 ] 127.0.0.1 /mould/index.php?s=/Admin/deleteUser
INFO: [ app_begin ] --START--
INFO: Run ReadHtmlCache Behavior [ RunTime:-0.000715s ]
INFO: [ app_begin ] --END-- [ RunTime:0.001117s ]
SQL: SHOW COLUMNS FROM `m_admin` [ RunTime:0.003902s ]
SQL: SELECT `pass` FROM `m_admin` WHERE id = '1' LIMIT 1   [ RunTime:0.000278s ]

[ 2013-02-22T13:01:21+08:00 ] 127.0.0.1 /mould/index.php?s=/Admin/deleteUser
INFO: [ app_begin ] --START--
INFO: Run ReadHtmlCache Behavior [ RunTime:-0.000826s ]
INFO: [ app_begin ] --END-- [ RunTime:0.001057s ]
SQL: SHOW COLUMNS FROM `m_admin` [ RunTime:0.005070s ]
SQL: SELECT `pass` FROM `m_admin` WHERE id = '1' LIMIT 1   [ RunTime:0.000339s ]

[ 2013-02-22T13:01:58+08:00 ] 127.0.0.1 /mould/index.php?s=/Admin/deleteUser
INFO: [ app_begin ] --START--
INFO: Run ReadHtmlCache Behavior [ RunTime:-0.000769s ]
INFO: [ app_begin ] --END-- [ RunTime:0.001027s ]
SQL: SHOW COLUMNS FROM `m_admin` [ RunTime:0.003834s ]
SQL: SELECT `pass` FROM `m_admin` WHERE id = '1' LIMIT 1   [ RunTime:0.000330s ]

[ 2013-02-22T13:02:38+08:00 ] 127.0.0.1 /mould/index.php?s=/Admin/deleteUser
INFO: [ app_begin ] --START--
INFO: Run ReadHtmlCache Behavior [ RunTime:-0.000545s ]
INFO: [ app_begin ] --END-- [ RunTime:0.000890s ]
SQL: SHOW COLUMNS FROM `m_admin` [ RunTime:0.005874s ]
SQL: SELECT `pass` FROM `m_admin` WHERE id = '1' LIMIT 1   [ RunTime:0.000609s ]
SQL: DELETE FROM `m_admin` WHERE id = '1' [ RunTime:0.002397s ]

[ 2013-02-22T13:02:38+08:00 ] 127.0.0.1 /mould/index.php?s=/Admin/deleteUser
INFO: [ app_begin ] --START--
INFO: Run ReadHtmlCache Behavior [ RunTime:-0.000777s ]
INFO: [ app_begin ] --END-- [ RunTime:0.001039s ]
SQL: SHOW COLUMNS FROM `m_admin` [ RunTime:0.004017s ]
SQL: SELECT `pass` FROM `m_admin` WHERE id = '1' LIMIT 1   [ RunTime:0.000570s ]

[ 2013-02-22T13:02:38+08:00 ] 127.0.0.1 /mould/index.php?s=/Admin/deleteUser
INFO: [ app_begin ] --START--
INFO: Run ReadHtmlCache Behavior [ RunTime:-0.000692s ]
INFO: [ app_begin ] --END-- [ RunTime:0.001744s ]
SQL: SHOW COLUMNS FROM `m_admin` [ RunTime:0.004923s ]
SQL: SELECT `pass` FROM `m_admin` WHERE id = '1' LIMIT 1   [ RunTime:0.000459s ]

[ 2013-02-22T13:08:00+08:00 ] 127.0.0.1 /mould/index.php?s=/Admin/changeUser
INFO: [ app_begin ] --START--
INFO: Run ReadHtmlCache Behavior [ RunTime:-0.000678s ]
INFO: [ app_begin ] --END-- [ RunTime:0.001396s ]
SQL: SHOW COLUMNS FROM `m_admin` [ RunTime:0.004080s ]
SQL: SELECT `name`,`pass` FROM `m_admin` WHERE id = '2'  [ RunTime:0.000344s ]

[ 2013-02-22T13:08:19+08:00 ] 127.0.0.1 /mould/index.php?s=/Admin/changeUser
INFO: [ app_begin ] --START--
INFO: Run ReadHtmlCache Behavior [ RunTime:-0.000692s ]
INFO: [ app_begin ] --END-- [ RunTime:0.001351s ]
SQL: SHOW COLUMNS FROM `m_admin` [ RunTime:0.004025s ]
SQL: SELECT `name`,`pass` FROM `m_admin` WHERE id = '2'  [ RunTime:0.000305s ]
NOTIC: [8] Undefined offset: 0 D:\wamp\www\mould\Lib\Action\AdminAction.class.php 第 115 行.

[ 2013-02-22T13:08:30+08:00 ] 127.0.0.1 /mould/index.php?s=/Admin/changeUser
INFO: [ app_begin ] --START--
INFO: Run ReadHtmlCache Behavior [ RunTime:-0.000678s ]
INFO: [ app_begin ] --END-- [ RunTime:0.001128s ]
SQL: SHOW COLUMNS FROM `m_admin` [ RunTime:0.003873s ]
SQL: SELECT `name`,`pass` FROM `m_admin` WHERE id = '2'  [ RunTime:0.000397s ]
NOTIC: [8] Undefined index: name D:\wamp\www\mould\Lib\Action\AdminAction.class.php 第 115 行.

[ 2013-02-22T13:08:37+08:00 ] 127.0.0.1 /mould/index.php?s=/Admin/changeUser
INFO: [ app_begin ] --START--
INFO: Run ReadHtmlCache Behavior [ RunTime:-0.001012s ]
INFO: [ app_begin ] --END-- [ RunTime:0.002074s ]
SQL: SHOW COLUMNS FROM `m_admin` [ RunTime:0.004669s ]
SQL: SELECT `name`,`pass` FROM `m_admin` WHERE id = '2'  [ RunTime:0.000342s ]

[ 2013-02-22T13:08:37+08:00 ] 127.0.0.1 /mould/index.php?s=/Admin/changeUser
INFO: [ app_begin ] --START--
INFO: Run ReadHtmlCache Behavior [ RunTime:-0.000822s ]
INFO: [ app_begin ] --END-- [ RunTime:0.000961s ]
SQL: SHOW COLUMNS FROM `m_admin` [ RunTime:0.004440s ]
SQL: SELECT `name`,`pass` FROM `m_admin` WHERE id = '2'  [ RunTime:0.000648s ]

[ 2013-02-22T13:08:56+08:00 ] 127.0.0.1 /mould/index.php?s=/Admin/changeUser
INFO: [ app_begin ] --START--
INFO: Run ReadHtmlCache Behavior [ RunTime:-0.000930s ]
INFO: [ app_begin ] --END-- [ RunTime:0.001313s ]
SQL: SHOW COLUMNS FROM `m_admin` [ RunTime:0.003707s ]
SQL: SELECT * FROM `m_admin` WHERE id = '2'  [ RunTime:0.000317s ]

[ 2013-02-22T13:09:23+08:00 ] 127.0.0.1 /mould/index.php?s=/Admin/changeUser
INFO: [ app_begin ] --START--
INFO: Run ReadHtmlCache Behavior [ RunTime:-0.000866s ]
INFO: [ app_begin ] --END-- [ RunTime:0.001143s ]
SQL: SHOW COLUMNS FROM `m_admin` [ RunTime:0.004007s ]
SQL: SELECT * FROM `m_admin` WHERE id = '2'  [ RunTime:0.000380s ]
NOTIC: [8] Use of undefined constant id - assumed 'id' D:\wamp\www\mould\Lib\Action\AdminAction.class.php 第 115 行.
NOTIC: [8] Undefined index: id D:\wamp\www\mould\Lib\Action\AdminAction.class.php 第 115 行.

[ 2013-02-22T13:09:28+08:00 ] ERR: [4] syntax error, unexpected ']' D:\wamp\www\mould\Lib\Action\AdminAction.class.php 第 115 行.
[ 2013-02-22T13:09:40+08:00 ] 127.0.0.1 /mould/index.php?s=/Admin/changeUser
INFO: [ app_begin ] --START--
INFO: Run ReadHtmlCache Behavior [ RunTime:-0.000992s ]
INFO: [ app_begin ] --END-- [ RunTime:0.001446s ]
SQL: SHOW COLUMNS FROM `m_admin` [ RunTime:0.004219s ]
SQL: SELECT * FROM `m_admin` WHERE id = '2'  [ RunTime:0.000303s ]
NOTIC: [8] Use of undefined constant id - assumed 'id' D:\wamp\www\mould\Lib\Action\AdminAction.class.php 第 115 行.
NOTIC: [8] Array to string conversion D:\wamp\www\mould\Lib\Action\AdminAction.class.php 第 115 行.

[ 2013-02-22T13:09:59+08:00 ] 127.0.0.1 /mould/index.php?s=/Admin/changeUser
INFO: [ app_begin ] --START--
INFO: Run ReadHtmlCache Behavior [ RunTime:-0.003525s ]
INFO: [ app_begin ] --END-- [ RunTime:0.001479s ]
SQL: SHOW COLUMNS FROM `m_admin` [ RunTime:0.003878s ]
SQL: SELECT * FROM `m_admin` WHERE id = '2'  [ RunTime:0.000392s ]
NOTIC: [8] Use of undefined constant id - assumed 'id' D:\wamp\www\mould\Lib\Action\AdminAction.class.php 第 115 行.
NOTIC: [8] Array to string conversion D:\wamp\www\mould\Lib\Action\AdminAction.class.php 第 115 行.

[ 2013-02-22T13:09:59+08:00 ] 127.0.0.1 /mould/index.php?s=/Admin/changeUser
INFO: [ app_begin ] --START--
INFO: Run ReadHtmlCache Behavior [ RunTime:-0.000675s ]
INFO: [ app_begin ] --END-- [ RunTime:0.001077s ]
SQL: SHOW COLUMNS FROM `m_admin` [ RunTime:0.003736s ]
SQL: SELECT * FROM `m_admin` WHERE id = '2'  [ RunTime:0.000279s ]
NOTIC: [8] Use of undefined constant id - assumed 'id' D:\wamp\www\mould\Lib\Action\AdminAction.class.php 第 115 行.
NOTIC: [8] Array to string conversion D:\wamp\www\mould\Lib\Action\AdminAction.class.php 第 115 行.

[ 2013-02-22T13:10:02+08:00 ] 127.0.0.1 /mould/index.php?s=/Admin/changeUser
INFO: [ app_begin ] --START--
INFO: Run ReadHtmlCache Behavior [ RunTime:-0.000683s ]
INFO: [ app_begin ] --END-- [ RunTime:0.001021s ]
SQL: SHOW COLUMNS FROM `m_admin` [ RunTime:0.003793s ]
SQL: SELECT * FROM `m_admin` WHERE id = '2'  [ RunTime:0.000300s ]
NOTIC: [8] Use of undefined constant id - assumed 'id' D:\wamp\www\mould\Lib\Action\AdminAction.class.php 第 115 行.
NOTIC: [8] Array to string conversion D:\wamp\www\mould\Lib\Action\AdminAction.class.php 第 115 行.

[ 2013-02-22T13:10:11+08:00 ] 127.0.0.1 /mould/index.php?s=/Admin/changeUser
INFO: [ app_begin ] --START--
INFO: Run ReadHtmlCache Behavior [ RunTime:-0.000641s ]
INFO: [ app_begin ] --END-- [ RunTime:0.001060s ]
SQL: SHOW COLUMNS FROM `m_admin` [ RunTime:0.003752s ]
SQL: SELECT * FROM `m_admin` WHERE id = '2'  [ RunTime:0.000271s ]

[ 2013-02-22T13:10:23+08:00 ] 127.0.0.1 /mould/index.php?s=/Admin/changeUser
INFO: [ app_begin ] --START--
INFO: Run ReadHtmlCache Behavior [ RunTime:-0.000621s ]
INFO: [ app_begin ] --END-- [ RunTime:0.000996s ]
SQL: SHOW COLUMNS FROM `m_admin` [ RunTime:0.003719s ]
SQL: SELECT * FROM `m_admin` WHERE id = '2'  [ RunTime:0.000285s ]

[ 2013-02-22T13:11:09+08:00 ] 127.0.0.1 /mould/index.php?s=/Admin/changeUser
INFO: [ app_begin ] --START--
INFO: Run ReadHtmlCache Behavior [ RunTime:-0.000598s ]
INFO: [ app_begin ] --END-- [ RunTime:0.000986s ]
SQL: SHOW COLUMNS FROM `m_admin` [ RunTime:0.003934s ]
SQL: SELECT * FROM `m_admin` WHERE id = '2'  [ RunTime:0.000288s ]
NOTIC: [8] Use of undefined constant id - assumed 'id' D:\wamp\www\mould\Lib\Action\AdminAction.class.php 第 116 行.
NOTIC: [8] Array to string conversion D:\wamp\www\mould\Lib\Action\AdminAction.class.php 第 116 行.

[ 2013-02-22T13:11:17+08:00 ] 127.0.0.1 /mould/index.php?s=/Admin/changeUser
INFO: [ app_begin ] --START--
INFO: Run ReadHtmlCache Behavior [ RunTime:-0.000707s ]
INFO: [ app_begin ] --END-- [ RunTime:0.001168s ]
SQL: SHOW COLUMNS FROM `m_admin` [ RunTime:0.004060s ]
SQL: SELECT * FROM `m_admin` WHERE id = '2'  [ RunTime:0.000356s ]

[ 2013-02-22T13:11:25+08:00 ] 127.0.0.1 /mould/index.php?s=/Admin/changeUser
INFO: [ app_begin ] --START--
INFO: Run ReadHtmlCache Behavior [ RunTime:-0.001282s ]
INFO: [ app_begin ] --END-- [ RunTime:0.001376s ]
SQL: SHOW COLUMNS FROM `m_admin` [ RunTime:0.004001s ]
SQL: SELECT * FROM `m_admin` WHERE id = '2'  [ RunTime:0.000394s ]

[ 2013-02-22T13:13:59+08:00 ] 127.0.0.1 /mould/index.php?s=/Admin/changeUser
INFO: [ app_begin ] --START--
INFO: Run ReadHtmlCache Behavior [ RunTime:-0.000612s ]
INFO: [ app_begin ] --END-- [ RunTime:0.000809s ]
SQL: SHOW COLUMNS FROM `m_admin` [ RunTime:0.004283s ]
SQL: SELECT * FROM `m_admin` WHERE id = '2'  [ RunTime:0.000677s ]
SQL: UPDATE `m_admin` SET `pass`='admin',`name`='admin1' WHERE id = '2' [ RunTime:0.002410s ]

[ 2013-02-22T13:17:13+08:00 ] 127.0.0.1 /mould/index.php?s=/Admin/changeUser
INFO: [ app_begin ] --START--
INFO: Run ReadHtmlCache Behavior [ RunTime:-0.002362s ]
INFO: [ app_begin ] --END-- [ RunTime:0.001184s ]
SQL: SHOW COLUMNS FROM `m_admin` [ RunTime:0.003674s ]
SQL: SELECT * FROM `m_admin` WHERE id = '2'  [ RunTime:0.000284s ]
SQL: UPDATE `m_admin` SET `pass`='admin',`name`='admin1' WHERE id = '2' [ RunTime:0.002311s ]

[ 2013-02-22T13:17:30+08:00 ] 127.0.0.1 /mould/index.php?s=/Admin/changeUser
INFO: [ app_begin ] --START--
INFO: Run ReadHtmlCache Behavior [ RunTime:-0.000584s ]
INFO: [ app_begin ] --END-- [ RunTime:0.001300s ]
SQL: SHOW COLUMNS FROM `m_admin` [ RunTime:0.004273s ]
SQL: SELECT * FROM `m_admin` WHERE id = '2'  [ RunTime:0.000296s ]
SQL: UPDATE `m_admin` SET `pass`='admin',`name`='admin' WHERE id = '2' [ RunTime:0.002095s ]

[ 2013-02-22T13:24:31+08:00 ] 127.0.0.1 /mould/index.php?s=/Admin/addUser
INFO: [ app_begin ] --START--
INFO: Run ReadHtmlCache Behavior [ RunTime:-0.001400s ]
INFO: [ app_begin ] --END-- [ RunTime:0.001061s ]
SQL: SHOW COLUMNS FROM `m_admin` [ RunTime:0.003946s ]
SQL: INSERT INTO `m_admin` (`name`,`pass`) VALUES ('lizhug','lizhug') [ RunTime:0.002240s ]

[ 2013-02-22T13:24:59+08:00 ] 127.0.0.1 /mould/index.php?s=/Admin/deleteUser
INFO: [ app_begin ] --START--
INFO: Run ReadHtmlCache Behavior [ RunTime:-0.000661s ]
INFO: [ app_begin ] --END-- [ RunTime:0.001020s ]
SQL: SHOW COLUMNS FROM `m_admin` [ RunTime:0.004977s ]
SQL: SELECT `pass` FROM `m_admin` WHERE id = '3' LIMIT 1   [ RunTime:0.000276s ]
SQL: DELETE FROM `m_admin` WHERE id = '3' [ RunTime:0.007139s ]

[ 2013-02-22T13:25:05+08:00 ] 127.0.0.1 /mould/index.php?s=/Admin/addUser
INFO: [ app_begin ] --START--
INFO: Run ReadHtmlCache Behavior [ RunTime:-0.000612s ]
INFO: [ app_begin ] --END-- [ RunTime:0.000949s ]
SQL: SHOW COLUMNS FROM `m_admin` [ RunTime:0.004072s ]
SQL: INSERT INTO `m_admin` (`name`,`pass`) VALUES ('lizhug','dddd') [ RunTime:0.002433s ]

[ 2013-02-22T13:26:29+08:00 ] 127.0.0.1 /mould/index.php?s=/Admin/addUser
INFO: [ app_begin ] --START--
INFO: Run ReadHtmlCache Behavior [ RunTime:-0.000581s ]
INFO: [ app_begin ] --END-- [ RunTime:0.000834s ]
SQL: SHOW COLUMNS FROM `m_admin` [ RunTime:0.004033s ]
SQL: INSERT INTO `m_admin` (`name`,`pass`) VALUES ('大幅度','飞') [ RunTime:0.002687s ]

[ 2013-02-22T13:26:45+08:00 ] 127.0.0.1 /mould/index.php?s=/Admin/addUser
INFO: [ app_begin ] --START--
INFO: Run ReadHtmlCache Behavior [ RunTime:-0.000658s ]
INFO: [ app_begin ] --END-- [ RunTime:0.001032s ]
SQL: SHOW COLUMNS FROM `m_admin` [ RunTime:0.004258s ]
SQL: INSERT INTO `m_admin` (`name`,`pass`) VALUES ('地方','粉底霜') [ RunTime:0.002224s ]

[ 2013-02-22T13:27:31+08:00 ] 127.0.0.1 /mould/index.php?s=/Admin/addUser
INFO: [ app_begin ] --START--
INFO: Run ReadHtmlCache Behavior [ RunTime:-0.000859s ]
INFO: [ app_begin ] --END-- [ RunTime:0.001060s ]
SQL: SHOW COLUMNS FROM `m_admin` [ RunTime:0.004522s ]
SQL: INSERT INTO `m_admin` (`name`,`pass`) VALUES ('地方','发的') [ RunTime:0.004021s ]

[ 2013-02-22T13:31:00+08:00 ] 127.0.0.1 /mould/index.php?s=/Admin/setContactSimple/
INFO: [ app_begin ] --START--
INFO: Run ReadHtmlCache Behavior [ RunTime:-0.000740s ]
INFO: [ app_begin ] --END-- [ RunTime:0.001230s ]
SQL: SHOW COLUMNS FROM `m_company_contact_simple` [ RunTime:0.003686s ]
SQL: UPDATE `m_company_contact_simple` SET `content`='<p>地址....</p><p><span style=\"text-decoration: line-through;\">公司电话...</span></p><p>所有填写的地方可以自己安排<strong><span style=\"text-decoration: underline;\">格式</span></strong>和<span style=\"background-color: rgb(255, 0, 0);\">样式</span></p>' WHERE id = 1 [ RunTime:0.000294s ]

[ 2013-02-22T13:33:25+08:00 ] 127.0.0.1 /mould/index.php?s=/Admin/setContactSimple/
INFO: [ app_begin ] --START--
INFO: Run ReadHtmlCache Behavior [ RunTime:-0.000748s ]
INFO: [ app_begin ] --END-- [ RunTime:0.001070s ]
SQL: SHOW COLUMNS FROM `m_company_contact_simple` [ RunTime:0.003792s ]
SQL: UPDATE `m_company_contact_simple` SET `content`='<p style=\"white-space: normal;\">地址....</p><p style=\"white-space: normal;\"><span style=\"text-decoration: line-through;\">公司电话...</span></p><p style=\"white-space: normal;\">所有填写的地方可以自己安排<strong><span style=\"text-decoration: underline;\">格式</span></strong>和<span style=\"background-color: rgb(255, 0, 0);\">样式</span></p><p><br></p>' WHERE id = 1 [ RunTime:0.000392s ]

[ 2013-02-22T13:36:04+08:00 ] 127.0.0.1 /mould/index.php?s=/Admin/setContactSimple/
INFO: [ app_begin ] --START--
INFO: Run ReadHtmlCache Behavior [ RunTime:-0.000594s ]
INFO: [ app_begin ] --END-- [ RunTime:0.000932s ]
SQL: SHOW COLUMNS FROM `m_company_contact_simple` [ RunTime:0.003991s ]
SQL: SELECT COUNT(*) AS tp_count FROM `m_company_contact_simple` LIMIT 1   [ RunTime:0.000318s ]
SQL: INSERT INTO `m_company_contact_simple` (`content`,`id`) VALUES ('<p style=\"white-space: normal;\">地址....</p><p style=\"white-space: normal;\"><span style=\"text-decoration: line-through;\">公司电话...</span></p><p style=\"white-space: normal;\">所有填写的地方可以自己安排<strong><span style=\"text-decoration: underline;\">格式</span></strong>和<span style=\"background-color: rgb(255, 0, 0);\">样式</span></p><p><br></p>',1) [ RunTime:0.001564s ]

[ 2013-02-22T13:37:27+08:00 ] 127.0.0.1 /mould/index.php?s=/Admin/setCompanyIntrSimple/
INFO: [ app_begin ] --START--
INFO: Run ReadHtmlCache Behavior [ RunTime:-0.000677s ]
INFO: [ app_begin ] --END-- [ RunTime:0.001021s ]
SQL: SHOW COLUMNS FROM `m_company_intr_simple` [ RunTime:0.005222s ]
SQL: SELECT COUNT(*) AS tp_count FROM `m_company_intr_simple` LIMIT 1   [ RunTime:0.000331s ]
SQL: INSERT INTO `m_company_intr_simple` (`content`,`id`) VALUES ('<p>公司地址....<br></p><p>公司成立日期....</p><p><span style=\"text-decoration: underline;\">等等...</span></p>',1) [ RunTime:0.002039s ]

[ 2013-02-22T13:38:10+08:00 ] 127.0.0.1 /mould/index.php?s=/Admin/setCompanyIntr/
INFO: [ app_begin ] --START--
INFO: Run ReadHtmlCache Behavior [ RunTime:-0.000754s ]
INFO: [ app_begin ] --END-- [ RunTime:0.001205s ]
SQL: SHOW COLUMNS FROM `m_company_intr` [ RunTime:0.003880s ]
SQL: UPDATE `m_company_intr` SET `content`='<p>自己填写咯....可以添加图片和文字...视频链接也可以添加...格式自己安排的...写文章一样</p>' WHERE id = 1 [ RunTime:0.000313s ]

[ 2013-02-22T13:39:10+08:00 ] 127.0.0.1 /mould/index.php?s=/Admin/setCompanyIntr/
INFO: [ app_begin ] --START--
INFO: Run ReadHtmlCache Behavior [ RunTime:-0.001298s ]
INFO: [ app_begin ] --END-- [ RunTime:0.001423s ]
SQL: SHOW COLUMNS FROM `m_company_intr` [ RunTime:0.003795s ]
SQL: SELECT COUNT(*) AS tp_count FROM `m_company_intr` LIMIT 1   [ RunTime:0.000245s ]
SQL: INSERT INTO `m_company_intr` (`content`,`id`) VALUES ('<p>自己填写咯....可以添加图片和文字...视频链接也可以添加...格式自己安排的...写文章一样<br></p>',1) [ RunTime:0.002029s ]

[ 2013-02-22T13:40:12+08:00 ] 127.0.0.1 /mould/index.php?s=/Admin/setContact/
INFO: [ app_begin ] --START--
INFO: Run ReadHtmlCache Behavior [ RunTime:-0.000643s ]
INFO: [ app_begin ] --END-- [ RunTime:0.001068s ]
SQL: SHOW COLUMNS FROM `m_company_contact` [ RunTime:0.004195s ]
SQL: SELECT COUNT(*) AS tp_count FROM `m_company_contact` LIMIT 1   [ RunTime:0.000363s ]
SQL: INSERT INTO `m_company_contact` (`content`,`id`) VALUES ('<p>跟其他地方同理</p>',1) [ RunTime:0.002084s ]

[ 2013-02-22T13:40:12+08:00 ] 127.0.0.1 /mould/index.php?s=/Admin/setContactSimple/
INFO: [ app_begin ] --START--
INFO: Run ReadHtmlCache Behavior [ RunTime:-0.000616s ]
INFO: [ app_begin ] --END-- [ RunTime:0.000995s ]
SQL: SHOW COLUMNS FROM `m_company_contact_simple` [ RunTime:0.005163s ]
SQL: SELECT COUNT(*) AS tp_count FROM `m_company_contact_simple` LIMIT 1   [ RunTime:0.000279s ]
SQL: UPDATE `m_company_contact_simple` SET `content`='<p>跟其他地方同理</p>' WHERE id = 1 [ RunTime:0.001888s ]

[ 2013-02-22T13:40:39+08:00 ] 127.0.0.1 /mould/index.php?s=/Admin/addProductType/
INFO: [ app_begin ] --START--
INFO: Run ReadHtmlCache Behavior [ RunTime:-0.001108s ]
INFO: [ app_begin ] --END-- [ RunTime:0.001032s ]
SQL: SHOW COLUMNS FROM `m_product_type` [ RunTime:0.003572s ]
SQL: INSERT INTO `m_product_type` (`type`) VALUES ('吸尘器') [ RunTime:0.001437s ]

[ 2013-02-22T13:40:53+08:00 ] 127.0.0.1 /mould/index.php?s=/Admin/addProductType/
INFO: [ app_begin ] --START--
INFO: Run ReadHtmlCache Behavior [ RunTime:-0.000636s ]
INFO: [ app_begin ] --END-- [ RunTime:0.000982s ]
SQL: SHOW COLUMNS FROM `m_product_type` [ RunTime:0.003815s ]
SQL: INSERT INTO `m_product_type` (`type`) VALUES ('其他的...可以自己加') [ RunTime:0.001566s ]

[ 2013-02-22T13:44:55+08:00 ] 127.0.0.1 /mould/index.php?s=/Admin/getProductDetail/
INFO: [ app_begin ] --START--
INFO: Run ReadHtmlCache Behavior [ RunTime:-0.000930s ]
INFO: [ app_begin ] --END-- [ RunTime:0.001849s ]
SQL: SHOW COLUMNS FROM `m_product` [ RunTime:0.003790s ]
SQL: SELECT * FROM `m_product` WHERE id = '14'  [ RunTime:0.000310s ]

[ 2013-02-22T13:45:59+08:00 ] 127.0.0.1 /mould/index.php?s=/Admin/addDeviceType/
INFO: [ app_begin ] --START--
INFO: Run ReadHtmlCache Behavior [ RunTime:-0.001265s ]
INFO: [ app_begin ] --END-- [ RunTime:0.001334s ]
SQL: SHOW COLUMNS FROM `m_device_type` [ RunTime:0.003784s ]
SQL: INSERT INTO `m_device_type` (`type`) VALUES ('类似') [ RunTime:0.002127s ]

[ 2013-02-22T13:46:10+08:00 ] 127.0.0.1 /mould/index.php?s=/Admin/addDeviceType/
INFO: [ app_begin ] --START--
INFO: Run ReadHtmlCache Behavior [ RunTime:-0.000698s ]
INFO: [ app_begin ] --END-- [ RunTime:0.000797s ]
SQL: SHOW COLUMNS FROM `m_device_type` [ RunTime:0.004166s ]
SQL: INSERT INTO `m_device_type` (`type`) VALUES ('啦啦') [ RunTime:0.002039s ]

[ 2013-02-22T13:46:18+08:00 ] 127.0.0.1 /mould/index.php?s=/Admin/addDeviceType/
INFO: [ app_begin ] --START--
INFO: Run ReadHtmlCache Behavior [ RunTime:-0.000450s ]
INFO: [ app_begin ] --END-- [ RunTime:0.000644s ]
SQL: SHOW COLUMNS FROM `m_device_type` [ RunTime:0.004174s ]
SQL: INSERT INTO `m_device_type` (`type`) VALUES ('啦啦') [ RunTime:0.001876s ]

[ 2013-02-22T13:46:28+08:00 ] 127.0.0.1 /mould/index.php?s=/Admin/deleteDeviceType/
INFO: [ app_begin ] --START--
INFO: Run ReadHtmlCache Behavior [ RunTime:-0.000707s ]
INFO: [ app_begin ] --END-- [ RunTime:0.000857s ]
SQL: SHOW COLUMNS FROM `m_device_type` [ RunTime:0.003764s ]
SQL: DELETE FROM `m_device_type` WHERE id = '6' [ RunTime:0.002696s ]

[ 2013-02-22T13:46:33+08:00 ] 127.0.0.1 /mould/index.php?s=/Admin/deleteDeviceType/
INFO: [ app_begin ] --START--
INFO: Run ReadHtmlCache Behavior [ RunTime:-0.000748s ]
INFO: [ app_begin ] --END-- [ RunTime:0.001215s ]
SQL: SHOW COLUMNS FROM `m_device_type` [ RunTime:0.003904s ]
SQL: DELETE FROM `m_device_type` WHERE id = '6' [ RunTime:0.000445s ]

[ 2013-02-22T13:47:36+08:00 ] 127.0.0.1 /mould/index.php?s=/Admin/addDeviceType/
INFO: [ app_begin ] --START--
INFO: Run ReadHtmlCache Behavior [ RunTime:-0.000905s ]
INFO: [ app_begin ] --END-- [ RunTime:0.002050s ]
SQL: SHOW COLUMNS FROM `m_device_type` [ RunTime:0.003944s ]
SQL: INSERT INTO `m_device_type` (`type`) VALUES ('大幅度') [ RunTime:0.002612s ]

[ 2013-02-22T13:47:46+08:00 ] 127.0.0.1 /mould/index.php?s=/Admin/deleteDeviceType/
INFO: [ app_begin ] --START--
INFO: Run ReadHtmlCache Behavior [ RunTime:-0.000608s ]
INFO: [ app_begin ] --END-- [ RunTime:0.000791s ]
SQL: SHOW COLUMNS FROM `m_device_type` [ RunTime:0.003657s ]
SQL: DELETE FROM `m_device_type` WHERE id = '7' [ RunTime:0.002125s ]

[ 2013-02-22T13:48:33+08:00 ] 127.0.0.1 /mould/index.php?s=/Admin/changeProductType/
INFO: [ app_begin ] --START--
INFO: Run ReadHtmlCache Behavior [ RunTime:-0.000665s ]
INFO: [ app_begin ] --END-- [ RunTime:0.000995s ]
SQL: SHOW COLUMNS FROM `m_product_type` [ RunTime:0.004481s ]
SQL: UPDATE `m_product_type` SET `type`='其他的可以自己加' WHERE id = '6' [ RunTime:0.002783s ]

[ 2013-02-22T13:48:55+08:00 ] 127.0.0.1 /mould/index.php?s=/Admin/getProductDetail/
INFO: [ app_begin ] --START--
INFO: Run ReadHtmlCache Behavior [ RunTime:-0.001185s ]
INFO: [ app_begin ] --END-- [ RunTime:0.001098s ]
SQL: SHOW COLUMNS FROM `m_product` [ RunTime:0.004589s ]
SQL: SELECT * FROM `m_product` WHERE id = '13'  [ RunTime:0.000376s ]

[ 2013-02-22T13:49:29+08:00 ] 127.0.0.1 /mould/index.php?s=/Admin/addOffer/
INFO: [ app_begin ] --START--
INFO: Run ReadHtmlCache Behavior [ RunTime:-0.000573s ]
INFO: [ app_begin ] --END-- [ RunTime:0.000826s ]
SQL: SHOW COLUMNS FROM `m_offer` [ RunTime:0.003779s ]
SQL: INSERT INTO `m_offer` (`title`,`content`,`date`) VALUES ('第一个供应','<p>地方似懂非懂是否</p>','2013-02-22') [ RunTime:0.002234s ]

[ 2013-02-22T13:49:56+08:00 ] 127.0.0.1 /mould/index.php?s=/Admin/getOfferDetail/
INFO: [ app_begin ] --START--
INFO: Run ReadHtmlCache Behavior [ RunTime:-0.000706s ]
INFO: [ app_begin ] --END-- [ RunTime:0.000767s ]
SQL: SHOW COLUMNS FROM `m_offer` [ RunTime:0.004008s ]
SQL: SELECT * FROM `m_offer` WHERE id = '11'  [ RunTime:0.000391s ]

[ 2013-02-22T13:50:00+08:00 ] 127.0.0.1 /mould/index.php?s=/Admin/changeOffer/
INFO: [ app_begin ] --START--
INFO: Run ReadHtmlCache Behavior [ RunTime:-0.000966s ]
INFO: [ app_begin ] --END-- [ RunTime:0.001175s ]
SQL: SHOW COLUMNS FROM `m_offer` [ RunTime:0.004270s ]
SQL: UPDATE `m_offer` SET `title`='第一个供应等等',`content`='<p>地方似懂非懂是否等等</p>' WHERE ( `id` = 11 ) [ RunTime:0.002445s ]

[ 2013-02-22T13:50:48+08:00 ] 127.0.0.1 /mould/index.php?s=/Admin/addInvite/
INFO: [ app_begin ] --START--
INFO: Run ReadHtmlCache Behavior [ RunTime:-0.000753s ]
INFO: [ app_begin ] --END-- [ RunTime:0.001119s ]
SQL: SHOW COLUMNS FROM `m_person` [ RunTime:0.003810s ]
SQL: INSERT INTO `m_person` (`title`,`content`,`date`) VALUES ('第一次招聘','<p>地方</p>','2013-02-22') [ RunTime:0.002170s ]

[ 2013-02-22T13:51:03+08:00 ] 127.0.0.1 /mould/index.php?s=/Admin/getInviteDetail/
INFO: [ app_begin ] --START--
INFO: Run ReadHtmlCache Behavior [ RunTime:-0.000718s ]
INFO: [ app_begin ] --END-- [ RunTime:0.001150s ]
SQL: SHOW COLUMNS FROM `m_person` [ RunTime:0.004270s ]
SQL: SELECT * FROM `m_person` WHERE id = '2'  [ RunTime:0.000344s ]

[ 2013-02-22T13:51:05+08:00 ] 127.0.0.1 /mould/index.php?s=/Admin/changeInvite/
INFO: [ app_begin ] --START--
INFO: Run ReadHtmlCache Behavior [ RunTime:-0.000544s ]
INFO: [ app_begin ] --END-- [ RunTime:0.000915s ]
SQL: SHOW COLUMNS FROM `m_person` [ RunTime:0.004484s ]
SQL: UPDATE `m_person` SET `title`='第一次招聘1',`content`='<p>地方1</p>' WHERE ( `id` = 2 ) [ RunTime:0.001624s ]

[ 2013-02-22T13:54:14+08:00 ] 127.0.0.1 /mould/index.php?s=/Admin/addInfo/
INFO: [ app_begin ] --START--
INFO: Run ReadHtmlCache Behavior [ RunTime:-0.000682s ]
INFO: [ app_begin ] --END-- [ RunTime:0.000919s ]
SQL: SHOW COLUMNS FROM `m_info` [ RunTime:0.004364s ]
SQL: INSERT INTO `m_info` (`title`,`content`,`date`) VALUES ('打发斯蒂芬','<p>飞</p>','2013-02-22') [ RunTime:0.002106s ]

[ 2013-02-22T13:54:15+08:00 ] 127.0.0.1 /mould/index.php?s=/Admin/addInfo/
INFO: [ app_begin ] --START--
INFO: Run ReadHtmlCache Behavior [ RunTime:-0.000948s ]
INFO: [ app_begin ] --END-- [ RunTime:0.000922s ]
SQL: SHOW COLUMNS FROM `m_info` [ RunTime:0.003782s ]
SQL: INSERT INTO `m_info` (`title`,`content`,`date`) VALUES ('打发斯蒂芬','<p>飞</p>','2013-02-22') [ RunTime:0.001745s ]

[ 2013-02-22T13:55:02+08:00 ] 127.0.0.1 /mould/index.php?s=/Admin/getInfoDetail/
INFO: [ app_begin ] --START--
INFO: Run ReadHtmlCache Behavior [ RunTime:-0.000563s ]
INFO: [ app_begin ] --END-- [ RunTime:0.001110s ]
SQL: SHOW COLUMNS FROM `m_info` [ RunTime:0.004120s ]
SQL: SELECT * FROM `m_info` WHERE id = '30'  [ RunTime:0.000300s ]

[ 2013-02-22T13:55:04+08:00 ] 127.0.0.1 /mould/index.php?s=/Admin/getInfoDetail/
INFO: [ app_begin ] --START--
INFO: Run ReadHtmlCache Behavior [ RunTime:-0.000759s ]
INFO: [ app_begin ] --END-- [ RunTime:0.001228s ]
SQL: SHOW COLUMNS FROM `m_info` [ RunTime:0.005344s ]
SQL: SELECT * FROM `m_info` WHERE id = '30'  [ RunTime:0.000361s ]

[ 2013-02-22T13:55:26+08:00 ] 127.0.0.1 /mould/index.php?s=/Admin/changeInfo/
INFO: [ app_begin ] --START--
INFO: Run ReadHtmlCache Behavior [ RunTime:-0.000573s ]
INFO: [ app_begin ] --END-- [ RunTime:0.000915s ]
SQL: SHOW COLUMNS FROM `m_info` [ RunTime:0.003769s ]
SQL: UPDATE `m_info` SET `title`='打发斯蒂芬',`content`='<p>飞地发大水</p>' WHERE ( `id` = 30 ) [ RunTime:0.002204s ]

[ 2013-02-22T13:55:33+08:00 ] 127.0.0.1 /mould/index.php?s=/Admin/getInfoDetail/
INFO: [ app_begin ] --START--
INFO: Run ReadHtmlCache Behavior [ RunTime:-0.000625s ]
INFO: [ app_begin ] --END-- [ RunTime:0.000973s ]
SQL: SHOW COLUMNS FROM `m_info` [ RunTime:0.004374s ]
SQL: SELECT * FROM `m_info` WHERE id = '30'  [ RunTime:0.000356s ]

[ 2013-02-22T13:55:38+08:00 ] 127.0.0.1 /mould/index.php?s=/Admin/changeInfo/
INFO: [ app_begin ] --START--
INFO: Run ReadHtmlCache Behavior [ RunTime:-0.000624s ]
INFO: [ app_begin ] --END-- [ RunTime:0.001122s ]
SQL: SHOW COLUMNS FROM `m_info` [ RunTime:0.004094s ]
SQL: UPDATE `m_info` SET `title`='打发斯蒂芬',`content`='<p>飞地发大水东方闪电</p>' WHERE ( `id` = 30 ) [ RunTime:0.001826s ]

[ 2013-02-22T13:55:45+08:00 ] 127.0.0.1 /mould/index.php?s=/Admin/getInfoDetail/
INFO: [ app_begin ] --START--
INFO: Run ReadHtmlCache Behavior [ RunTime:-0.000567s ]
INFO: [ app_begin ] --END-- [ RunTime:0.000915s ]
SQL: SHOW COLUMNS FROM `m_info` [ RunTime:0.004070s ]
SQL: SELECT * FROM `m_info` WHERE id = '30'  [ RunTime:0.000384s ]

[ 2013-02-22T13:55:48+08:00 ] 127.0.0.1 /mould/index.php?s=/Admin/deleteInfo/
INFO: [ app_begin ] --START--
INFO: Run ReadHtmlCache Behavior [ RunTime:-0.000779s ]
INFO: [ app_begin ] --END-- [ RunTime:0.001310s ]
SQL: SHOW COLUMNS FROM `m_info` [ RunTime:0.004288s ]
SQL: DELETE FROM `m_info` WHERE id = '31' [ RunTime:0.001861s ]

[ 2013-02-22T13:56:01+08:00 ] 127.0.0.1 /mould/index.php?s=/Admin/addInfo/
INFO: [ app_begin ] --START--
INFO: Run ReadHtmlCache Behavior [ RunTime:-0.000946s ]
INFO: [ app_begin ] --END-- [ RunTime:0.001110s ]
SQL: SHOW COLUMNS FROM `m_info` [ RunTime:0.003824s ]
SQL: INSERT INTO `m_info` (`title`,`content`,`date`) VALUES ('东方闪电','<p>地方的</p>','2013-02-22') [ RunTime:0.002567s ]

[ 2013-02-22T13:57:58+08:00 ] 127.0.0.1 /mould/index.php?s=/Admin/addInfo/
INFO: [ app_begin ] --START--
INFO: Run ReadHtmlCache Behavior [ RunTime:-0.001467s ]
INFO: [ app_begin ] --END-- [ RunTime:0.001233s ]
SQL: SHOW COLUMNS FROM `m_info` [ RunTime:0.004774s ]
SQL: INSERT INTO `m_info` (`title`,`content`,`date`) VALUES ('的','<p>  的</p>','2013-02-22') [ RunTime:0.002076s ]

[ 2013-02-22T13:58:36+08:00 ] 127.0.0.1 /mould/index.php?s=/Admin/addInfo/
INFO: [ app_begin ] --START--
INFO: Run ReadHtmlCache Behavior [ RunTime:-0.000912s ]
INFO: [ app_begin ] --END-- [ RunTime:0.001151s ]
SQL: SHOW COLUMNS FROM `m_info` [ RunTime:0.003991s ]
SQL: INSERT INTO `m_info` (`title`,`content`,`date`) VALUES ('地方','<p>地方</p>','2013-02-22') [ RunTime:0.002198s ]

[ 2013-02-22T13:58:38+08:00 ] 127.0.0.1 /mould/index.php?s=/Admin/addInfo/
INFO: [ app_begin ] --START--
INFO: Run ReadHtmlCache Behavior [ RunTime:-0.001392s ]
INFO: [ app_begin ] --END-- [ RunTime:0.001600s ]
SQL: SHOW COLUMNS FROM `m_info` [ RunTime:0.004662s ]
SQL: INSERT INTO `m_info` (`title`,`content`,`date`) VALUES ('地方','<p>地方</p>','2013-02-22') [ RunTime:0.002212s ]

[ 2013-02-22T13:58:39+08:00 ] 127.0.0.1 /mould/index.php?s=/Admin/addInfo/
INFO: [ app_begin ] --START--
INFO: Run ReadHtmlCache Behavior [ RunTime:-0.001336s ]
INFO: [ app_begin ] --END-- [ RunTime:0.001656s ]
SQL: SHOW COLUMNS FROM `m_info` [ RunTime:0.003846s ]
SQL: INSERT INTO `m_info` (`title`,`content`,`date`) VALUES ('地方','<p>地方</p>','2013-02-22') [ RunTime:0.001878s ]

[ 2013-02-22T13:58:40+08:00 ] 127.0.0.1 /mould/index.php?s=/Admin/addInfo/
INFO: [ app_begin ] --START--
INFO: Run ReadHtmlCache Behavior [ RunTime:-0.000803s ]
INFO: [ app_begin ] --END-- [ RunTime:0.001526s ]
SQL: SHOW COLUMNS FROM `m_info` [ RunTime:0.004236s ]
SQL: INSERT INTO `m_info` (`title`,`content`,`date`) VALUES ('地方','<p>地方</p>','2013-02-22') [ RunTime:0.003000s ]

[ 2013-02-22T13:58:41+08:00 ] 127.0.0.1 /mould/index.php?s=/Admin/addInfo/
INFO: [ app_begin ] --START--
INFO: Run ReadHtmlCache Behavior [ RunTime:-0.000796s ]
INFO: [ app_begin ] --END-- [ RunTime:0.001076s ]
SQL: SHOW COLUMNS FROM `m_info` [ RunTime:0.003897s ]
SQL: INSERT INTO `m_info` (`title`,`content`,`date`) VALUES ('地方','<p>地方</p>','2013-02-22') [ RunTime:0.002857s ]

[ 2013-02-22T13:58:43+08:00 ] 127.0.0.1 /mould/index.php?s=/Admin/addInfo/
INFO: [ app_begin ] --START--
INFO: Run ReadHtmlCache Behavior [ RunTime:-0.000725s ]
INFO: [ app_begin ] --END-- [ RunTime:0.001169s ]
SQL: SHOW COLUMNS FROM `m_info` [ RunTime:0.003906s ]
SQL: INSERT INTO `m_info` (`title`,`content`,`date`) VALUES ('地方','<p>地方</p>','2013-02-22') [ RunTime:0.002040s ]

[ 2013-02-22T13:58:44+08:00 ] 127.0.0.1 /mould/index.php?s=/Admin/addInfo/
INFO: [ app_begin ] --START--
INFO: Run ReadHtmlCache Behavior [ RunTime:-0.000937s ]
INFO: [ app_begin ] --END-- [ RunTime:0.001470s ]
SQL: SHOW COLUMNS FROM `m_info` [ RunTime:0.004394s ]
SQL: INSERT INTO `m_info` (`title`,`content`,`date`) VALUES ('地方','<p>地方</p>','2013-02-22') [ RunTime:0.002800s ]

[ 2013-02-22T13:58:52+08:00 ] 127.0.0.1 /mould/index.php?s=/Admin/addInfo/
INFO: [ app_begin ] --START--
INFO: Run ReadHtmlCache Behavior [ RunTime:-0.000768s ]
INFO: [ app_begin ] --END-- [ RunTime:0.001068s ]
SQL: SHOW COLUMNS FROM `m_info` [ RunTime:0.005059s ]
SQL: INSERT INTO `m_info` (`title`,`content`,`date`) VALUES ('地方','<p>地方</p>','2013-02-22') [ RunTime:0.002197s ]

[ 2013-02-22T13:58:53+08:00 ] 127.0.0.1 /mould/index.php?s=/Admin/addInfo/
INFO: [ app_begin ] --START--
INFO: Run ReadHtmlCache Behavior [ RunTime:-0.001183s ]
INFO: [ app_begin ] --END-- [ RunTime:0.001533s ]
SQL: SHOW COLUMNS FROM `m_info` [ RunTime:0.005325s ]
SQL: INSERT INTO `m_info` (`title`,`content`,`date`) VALUES ('地方','<p>地方</p>','2013-02-22') [ RunTime:0.001639s ]

[ 2013-02-22T13:59:29+08:00 ] 127.0.0.1 /mould/index.php?s=/Admin/setContactSimple/
INFO: [ app_begin ] --START--
INFO: Run ReadHtmlCache Behavior [ RunTime:-0.000632s ]
INFO: [ app_begin ] --END-- [ RunTime:0.001085s ]
SQL: SHOW COLUMNS FROM `m_company_contact_simple` [ RunTime:0.004886s ]
SQL: SELECT COUNT(*) AS tp_count FROM `m_company_contact_simple` LIMIT 1   [ RunTime:0.000595s ]
SQL: UPDATE `m_company_contact_simple` SET `content`='<p>跟其他地方同理的</p>' WHERE id = 1 [ RunTime:0.021743s ]

[ 2013-02-22T13:59:29+08:00 ] 127.0.0.1 /mould/index.php?s=/Admin/setContact/
INFO: [ app_begin ] --START--
INFO: Run ReadHtmlCache Behavior [ RunTime:-0.001018s ]
INFO: [ app_begin ] --END-- [ RunTime:0.001502s ]
SQL: SHOW COLUMNS FROM `m_company_contact` [ RunTime:0.003957s ]
SQL: SELECT COUNT(*) AS tp_count FROM `m_company_contact` LIMIT 1   [ RunTime:0.000250s ]
SQL: UPDATE `m_company_contact` SET `content`='<p>跟其他地方同理的</p>' WHERE id = 1 [ RunTime:0.013050s ]

[ 2013-02-22T14:02:17+08:00 ] 127.0.0.1 /mould/index.php?s=/Admin/setContactSimple/
INFO: [ app_begin ] --START--
INFO: Run ReadHtmlCache Behavior [ RunTime:-0.000675s ]
INFO: [ app_begin ] --END-- [ RunTime:0.001094s ]
SQL: SHOW COLUMNS FROM `m_company_contact_simple` [ RunTime:0.003742s ]
SQL: SELECT COUNT(*) AS tp_count FROM `m_company_contact_simple` LIMIT 1   [ RunTime:0.000318s ]
SQL: UPDATE `m_company_contact_simple` SET `content`='<p>跟其他地方同理的DD </p>' WHERE id = 1 [ RunTime:0.002280s ]

[ 2013-02-22T14:02:22+08:00 ] 127.0.0.1 /mould/index.php?s=/Admin/setContactSimple/
INFO: [ app_begin ] --START--
INFO: Run ReadHtmlCache Behavior [ RunTime:-0.000995s ]
INFO: [ app_begin ] --END-- [ RunTime:0.001967s ]
SQL: SHOW COLUMNS FROM `m_company_contact_simple` [ RunTime:0.003925s ]
SQL: SELECT COUNT(*) AS tp_count FROM `m_company_contact_simple` LIMIT 1   [ RunTime:0.000263s ]
SQL: UPDATE `m_company_contact_simple` SET `content`='<p>跟其他地方同理的DD </p>' WHERE id = 1 [ RunTime:0.001643s ]

[ 2013-02-22T14:04:03+08:00 ] 127.0.0.1 /mould/index.php?s=/Admin/setContactSimple/
INFO: [ app_begin ] --START--
INFO: Run ReadHtmlCache Behavior [ RunTime:-0.001261s ]
INFO: [ app_begin ] --END-- [ RunTime:0.000942s ]
SQL: SHOW COLUMNS FROM `m_company_contact_simple` [ RunTime:0.005630s ]
SQL: SELECT COUNT(*) AS tp_count FROM `m_company_contact_simple` LIMIT 1   [ RunTime:0.000343s ]
SQL: UPDATE `m_company_contact_simple` SET `content`='<p>跟其他地方同理的的</p>' WHERE id = 1 [ RunTime:0.001972s ]

[ 2013-02-22T14:04:03+08:00 ] 127.0.0.1 /mould/index.php?s=/Admin/setContact/
INFO: [ app_begin ] --START--
INFO: Run ReadHtmlCache Behavior [ RunTime:-0.000598s ]
INFO: [ app_begin ] --END-- [ RunTime:0.000818s ]
SQL: SHOW COLUMNS FROM `m_company_contact` [ RunTime:0.003628s ]
SQL: SELECT COUNT(*) AS tp_count FROM `m_company_contact` LIMIT 1   [ RunTime:0.000295s ]
SQL: UPDATE `m_company_contact` SET `content`='<p>跟其他地方同理的的</p>' WHERE id = 1 [ RunTime:0.001925s ]

[ 2013-02-22T14:05:12+08:00 ] 127.0.0.1 /mould/index.php?s=/Admin/setContactSimple/
INFO: [ app_begin ] --START--
INFO: Run ReadHtmlCache Behavior [ RunTime:-0.000622s ]
INFO: [ app_begin ] --END-- [ RunTime:0.000834s ]
SQL: SHOW COLUMNS FROM `m_company_contact_simple` [ RunTime:0.003874s ]
SQL: SELECT COUNT(*) AS tp_count FROM `m_company_contact_simple` LIMIT 1   [ RunTime:0.000313s ]
SQL: UPDATE `m_company_contact_simple` SET `content`='<p>跟其他地方同理1</p>' WHERE id = 1 [ RunTime:0.002242s ]

[ 2013-02-22T14:08:01+08:00 ] 127.0.0.1 /mould/index.php?s=/Admin/setContact/
INFO: [ app_begin ] --START--
INFO: Run ReadHtmlCache Behavior [ RunTime:-0.001146s ]
INFO: [ app_begin ] --END-- [ RunTime:0.001594s ]

[ 2013-02-22T14:08:01+08:00 ] 127.0.0.1 /mould/index.php?s=/Admin/setContactSimple/
INFO: [ app_begin ] --START--
INFO: Run ReadHtmlCache Behavior [ RunTime:-0.001020s ]
INFO: [ app_begin ] --END-- [ RunTime:0.001793s ]
SQL: SHOW COLUMNS FROM `m_company_contact_simple` [ RunTime:0.004046s ]
SQL: SELECT COUNT(*) AS tp_count FROM `m_company_contact_simple` LIMIT 1   [ RunTime:0.000368s ]
SQL: UPDATE `m_company_contact_simple` SET `content`='<p>跟其他地方同理的的地方</p>' WHERE id = 1 [ RunTime:0.001715s ]

[ 2013-02-22T14:08:20+08:00 ] 127.0.0.1 /mould/index.php?s=/Admin/setContactSimple/
INFO: [ app_begin ] --START--
INFO: Run ReadHtmlCache Behavior [ RunTime:-0.000970s ]
INFO: [ app_begin ] --END-- [ RunTime:0.001411s ]
SQL: SHOW COLUMNS FROM `m_company_contact_simple` [ RunTime:0.004502s ]
SQL: SELECT COUNT(*) AS tp_count FROM `m_company_contact_simple` LIMIT 1   [ RunTime:0.000284s ]
SQL: UPDATE `m_company_contact_simple` SET `content`='<p>跟其他地方同理的的地方地方</p>' WHERE id = 1 [ RunTime:0.001774s ]

[ 2013-02-22T14:08:20+08:00 ] 127.0.0.1 /mould/index.php?s=/Admin/setContact/
INFO: [ app_begin ] --START--
INFO: Run ReadHtmlCache Behavior [ RunTime:-0.000878s ]
INFO: [ app_begin ] --END-- [ RunTime:0.001455s ]

[ 2013-02-22T14:08:49+08:00 ] 127.0.0.1 /mould/index.php?s=/Admin/setContactSimple/
INFO: [ app_begin ] --START--
INFO: Run ReadHtmlCache Behavior [ RunTime:-0.000622s ]
INFO: [ app_begin ] --END-- [ RunTime:0.000949s ]

[ 2013-02-22T14:08:49+08:00 ] 127.0.0.1 /mould/index.php?s=/Admin/setContact/
INFO: [ app_begin ] --START--
INFO: Run ReadHtmlCache Behavior [ RunTime:-0.001109s ]
INFO: [ app_begin ] --END-- [ RunTime:0.001549s ]

[ 2013-02-22T14:09:00+08:00 ] 127.0.0.1 /mould/index.php?s=/Admin/setContactSimple/
INFO: [ app_begin ] --START--
INFO: Run ReadHtmlCache Behavior [ RunTime:-0.000616s ]
INFO: [ app_begin ] --END-- [ RunTime:0.000930s ]

[ 2013-02-22T14:09:00+08:00 ] 127.0.0.1 /mould/index.php?s=/Admin/setContact/
INFO: [ app_begin ] --START--
INFO: Run ReadHtmlCache Behavior [ RunTime:-0.000744s ]
INFO: [ app_begin ] --END-- [ RunTime:0.000992s ]

[ 2013-02-22T14:09:50+08:00 ] 127.0.0.1 /mould/index.php?s=/Admin/setContactSimple/
INFO: [ app_begin ] --START--
INFO: Run ReadHtmlCache Behavior [ RunTime:-0.000757s ]
INFO: [ app_begin ] --END-- [ RunTime:0.001053s ]
SQL: SHOW COLUMNS FROM `m_company_contact_simple` [ RunTime:0.004003s ]
SQL: SELECT COUNT(*) AS tp_count FROM `m_company_contact_simple` LIMIT 1   [ RunTime:0.000463s ]
SQL: UPDATE `m_company_contact_simple` SET `content`='<p>跟其他地方同理的的的</p>' WHERE id = 1 [ RunTime:0.002478s ]

[ 2013-02-22T14:09:50+08:00 ] 127.0.0.1 /mould/index.php?s=/Admin/setContact/
INFO: [ app_begin ] --START--
INFO: Run ReadHtmlCache Behavior [ RunTime:-0.000710s ]
INFO: [ app_begin ] --END-- [ RunTime:0.001106s ]

[ 2013-02-22T14:10:28+08:00 ] 127.0.0.1 /mould/index.php?s=/Admin/setContactSimple/
INFO: [ app_begin ] --START--
INFO: Run ReadHtmlCache Behavior [ RunTime:-0.000616s ]
INFO: [ app_begin ] --END-- [ RunTime:0.000783s ]
SQL: SHOW COLUMNS FROM `m_company_contact_simple` [ RunTime:0.003887s ]
SQL: SELECT COUNT(*) AS tp_count FROM `m_company_contact_simple` LIMIT 1   [ RunTime:0.000277s ]
SQL: UPDATE `m_company_contact_simple` SET `content`='<p>跟其他地方同理的的地方 </p>' WHERE id = 1 [ RunTime:0.002287s ]

[ 2013-02-22T14:10:28+08:00 ] 127.0.0.1 /mould/index.php?s=/Admin/setContact/
INFO: [ app_begin ] --START--
INFO: Run ReadHtmlCache Behavior [ RunTime:-0.000631s ]
INFO: [ app_begin ] --END-- [ RunTime:0.000905s ]

[ 2013-02-22T14:10:36+08:00 ] 127.0.0.1 /mould/index.php?s=/Admin/setContactSimple/
INFO: [ app_begin ] --START--
INFO: Run ReadHtmlCache Behavior [ RunTime:-0.000686s ]
INFO: [ app_begin ] --END-- [ RunTime:0.001097s ]
SQL: SHOW COLUMNS FROM `m_company_contact_simple` [ RunTime:0.004117s ]
SQL: SELECT COUNT(*) AS tp_count FROM `m_company_contact_simple` LIMIT 1   [ RunTime:0.000266s ]
SQL: UPDATE `m_company_contact_simple` SET `content`='<p>跟其他地方同理的的地方 第三方的孙菲菲地方</p>' WHERE id = 1 [ RunTime:0.001648s ]

[ 2013-02-22T14:10:36+08:00 ] 127.0.0.1 /mould/index.php?s=/Admin/setContact/
INFO: [ app_begin ] --START--
INFO: Run ReadHtmlCache Behavior [ RunTime:-0.000807s ]
INFO: [ app_begin ] --END-- [ RunTime:0.001451s ]

[ 2013-02-22T14:11:49+08:00 ] 127.0.0.1 /mould/index.php?s=/Admin/setContact/
INFO: [ app_begin ] --START--
INFO: Run ReadHtmlCache Behavior [ RunTime:-0.001049s ]
INFO: [ app_begin ] --END-- [ RunTime:0.001567s ]
SQL: SHOW COLUMNS FROM `m_company_contact` [ RunTime:0.003606s ]
SQL: SELECT COUNT(*) AS tp_count FROM `m_company_contact` LIMIT 1   [ RunTime:0.000274s ]
SQL: UPDATE `m_company_contact` SET `content`='<p>设置方式跟其他地方同理</p>' WHERE id = 1 [ RunTime:0.001935s ]

[ 2013-02-22T14:12:45+08:00 ] 127.0.0.1 /mould/index.php?s=/Admin/setContactSimple/
INFO: [ app_begin ] --START--
INFO: Run ReadHtmlCache Behavior [ RunTime:-0.000609s ]
INFO: [ app_begin ] --END-- [ RunTime:0.000846s ]
SQL: SHOW COLUMNS FROM `m_company_contact_simple` [ RunTime:0.003639s ]
SQL: SELECT COUNT(*) AS tp_count FROM `m_company_contact_simple` LIMIT 1   [ RunTime:0.000262s ]
SQL: UPDATE `m_company_contact_simple` SET `content`='<p>公司电话...</p><p><span style=\"text-decoration: line-through;\">地址</span>....</p><p>样式格式可<strong>以</strong></p><hr><p><strong></strong>照自<span style=\"text-decoration: underline;\">己的</span>风格<span style=\"background-color: rgb(247, 150, 70);\">调整</span><br></p>' WHERE id = 1 [ RunTime:0.001784s ]

[ 2013-02-22T14:13:01+08:00 ] 127.0.0.1 /mould/index.php?s=/Admin/setContactSimple/
INFO: [ app_begin ] --START--
INFO: Run ReadHtmlCache Behavior [ RunTime:-0.000781s ]
INFO: [ app_begin ] --END-- [ RunTime:0.001024s ]
SQL: SHOW COLUMNS FROM `m_company_contact_simple` [ RunTime:0.003952s ]
SQL: SELECT COUNT(*) AS tp_count FROM `m_company_contact_simple` LIMIT 1   [ RunTime:0.000354s ]
SQL: UPDATE `m_company_contact_simple` SET `content`='<p>公司电话...</p><p><span style=\"text-decoration: line-through;\">地址</span>....</p><p>样式格式可<strong>以</strong></p><p><strong></strong>照自<span style=\"text-decoration: underline;\">己的</span>风格<span style=\"background-color: rgb(247, 150, 70);\">调整</span><br></p>' WHERE id = 1 [ RunTime:0.001853s ]

[ 2013-02-22T14:25:17+08:00 ] 127.0.0.1 /mould/index.php?s=/Admin/setContactSimple/
INFO: [ app_begin ] --START--
INFO: Run ReadHtmlCache Behavior [ RunTime:-0.000688s ]
INFO: [ app_begin ] --END-- [ RunTime:0.000973s ]
SQL: SHOW COLUMNS FROM `m_company_contact_simple` [ RunTime:0.003741s ]
SQL: SELECT COUNT(*) AS tp_count FROM `m_company_contact_simple` LIMIT 1   [ RunTime:0.000266s ]
SQL: UPDATE `m_company_contact_simple` SET `content`='<p>公司电话...</p><p><span style=\"text-decoration: line-through;\">地址</span>....</p><p>样式格式可<strong>以</strong></p><p><strong></strong>照自<span style=\"text-decoration: underline;\">己的</span>风格<span style=\"background-color: rgb(247, 150, 70);\">调整</span></p><p>aaaaaaaaaaaaaaaaaaaaaaaaaaaaaaaaaaaaaaaaaaaaaaaaaaaaaaaaaaaaaaaaaaaaaaaaa<br></p>' WHERE id = 1 [ RunTime:0.002175s ]

[ 2013-02-22T14:29:33+08:00 ] 127.0.0.1 /mould/index.php?s=/Admin/setContactSimple/
INFO: [ app_begin ] --START--
INFO: Run ReadHtmlCache Behavior [ RunTime:-0.000717s ]
INFO: [ app_begin ] --END-- [ RunTime:0.001129s ]
SQL: SHOW COLUMNS FROM `m_company_contact_simple` [ RunTime:0.003708s ]
SQL: SELECT COUNT(*) AS tp_count FROM `m_company_contact_simple` LIMIT 1   [ RunTime:0.000293s ]
SQL: UPDATE `m_company_contact_simple` SET `content`='<p>公司电话...</p><p><span style=\"text-decoration: line-through;\">地址</span>....</p><p>样式格式可<strong>以</strong></p><p><strong></strong>照自<span style=\"text-decoration: underline;\">己的</span>风格<span style=\"background-color: rgb(247, 150, 70);\">调整</span></p>' WHERE id = 1 [ RunTime:0.002045s ]

