[ 2013-02-23T08:23:20+08:00 ] 127.0.0.1 /mould/index.php?s=/Admin/changeProductType/
INFO: [ app_begin ] --START--
INFO: Run ReadHtmlCache Behavior [ RunTime:-0.000548s ]
INFO: [ app_begin ] --END-- [ RunTime:0.000752s ]
SQL: SHOW COLUMNS FROM `m_product_type` [ RunTime:0.004150s ]
SQL: UPDATE `m_product_type` SET `type`='其他的可以自己加' WHERE id = '6' [ RunTime:0.002046s ]

[ 2013-02-23T08:23:26+08:00 ] 127.0.0.1 /mould/index.php?s=/Admin/addProductType/
INFO: [ app_begin ] --START--
INFO: Run ReadHtmlCache Behavior [ RunTime:-0.000823s ]
INFO: [ app_begin ] --END-- [ RunTime:0.001247s ]
SQL: SHOW COLUMNS FROM `m_product_type` [ RunTime:0.003736s ]
SQL: INSERT INTO `m_product_type` (`type`) VALUES ('dfd') [ RunTime:0.001945s ]

[ 2013-02-23T08:23:35+08:00 ] 127.0.0.1 /mould/index.php?s=/Admin/deleteProductType/
INFO: [ app_begin ] --START--
INFO: Run ReadHtmlCache Behavior [ RunTime:-0.000779s ]
INFO: [ app_begin ] --END-- [ RunTime:0.001276s ]
SQL: SHOW COLUMNS FROM `m_product_type` [ RunTime:0.003844s ]
SQL: DELETE FROM `m_product_type` WHERE id = '7' [ RunTime:0.002591s ]

[ 2013-02-23T08:25:27+08:00 ] 127.0.0.1 /mould/index.php?s=/Admin/addProductType/
INFO: [ app_begin ] --START--
INFO: Run ReadHtmlCache Behavior [ RunTime:-0.000837s ]
INFO: [ app_begin ] --END-- [ RunTime:0.001024s ]
SQL: SHOW COLUMNS FROM `m_product_type` [ RunTime:0.004060s ]
SQL: INSERT INTO `m_product_type` (`type`) VALUES ('df ') [ RunTime:0.002590s ]

[ 2013-02-23T08:25:32+08:00 ] 127.0.0.1 /mould/index.php?s=/Admin/deleteProductType/
INFO: [ app_begin ] --START--
INFO: Run ReadHtmlCache Behavior [ RunTime:-0.000634s ]
INFO: [ app_begin ] --END-- [ RunTime:0.000719s ]
SQL: SHOW COLUMNS FROM `m_product_type` [ RunTime:0.003737s ]
SQL: DELETE FROM `m_product_type` WHERE id = '8' [ RunTime:0.002138s ]

[ 2013-02-23T08:25:37+08:00 ] 127.0.0.1 /mould/index.php?s=/Admin/getProductDetail/
INFO: [ app_begin ] --START--
INFO: Run ReadHtmlCache Behavior [ RunTime:-0.000617s ]
INFO: [ app_begin ] --END-- [ RunTime:0.000808s ]
SQL: SHOW COLUMNS FROM `m_product` [ RunTime:0.004626s ]
SQL: SELECT * FROM `m_product` WHERE id = '14'  [ RunTime:0.000674s ]

[ 2013-02-23T08:25:44+08:00 ] 127.0.0.1 /mould/index.php?s=/Admin/addDeviceType/
INFO: [ app_begin ] --START--
INFO: Run ReadHtmlCache Behavior [ RunTime:-0.000666s ]
INFO: [ app_begin ] --END-- [ RunTime:0.000757s ]
SQL: SHOW COLUMNS FROM `m_device_type` [ RunTime:0.003603s ]
SQL: INSERT INTO `m_device_type` (`type`) VALUES ('df ') [ RunTime:0.001805s ]

[ 2013-02-23T08:25:49+08:00 ] 127.0.0.1 /mould/index.php?s=/Admin/deleteDeviceType/
INFO: [ app_begin ] --START--
INFO: Run ReadHtmlCache Behavior [ RunTime:-0.001268s ]
INFO: [ app_begin ] --END-- [ RunTime:0.001305s ]
SQL: SHOW COLUMNS FROM `m_device_type` [ RunTime:0.004135s ]
SQL: DELETE FROM `m_device_type` WHERE id = '6' [ RunTime:0.002060s ]

[ 2013-02-23T08:25:54+08:00 ] 127.0.0.1 /mould/index.php?s=/Admin/getDeviceDetail/
INFO: [ app_begin ] --START--
INFO: Run ReadHtmlCache Behavior [ RunTime:-0.000722s ]
INFO: [ app_begin ] --END-- [ RunTime:0.000913s ]
SQL: SHOW COLUMNS FROM `m_device` [ RunTime:0.004608s ]
SQL: SELECT * FROM `m_device` WHERE id = '2'  [ RunTime:0.000432s ]

[ 2013-02-23T08:26:02+08:00 ] 127.0.0.1 /mould/index.php?s=/Admin/addOffer/
INFO: [ app_begin ] --START--
INFO: Run ReadHtmlCache Behavior [ RunTime:-0.000470s ]
INFO: [ app_begin ] --END-- [ RunTime:0.000649s ]
SQL: SHOW COLUMNS FROM `m_offer` [ RunTime:0.004036s ]
SQL: INSERT INTO `m_offer` (`title`,`content`,`date`) VALUES ('dd','<p>dd</p>','2013-02-23') [ RunTime:0.001539s ]

[ 2013-02-23T08:36:23+08:00 ] 127.0.0.1 /mould/index.php?s=/Admin/getProductDetail/
INFO: [ app_begin ] --START--
INFO: Run ReadHtmlCache Behavior [ RunTime:-0.000520s ]
INFO: [ app_begin ] --END-- [ RunTime:0.000760s ]
SQL: SHOW COLUMNS FROM `m_product` [ RunTime:0.004284s ]
SQL: SELECT * FROM `m_product` WHERE id = '14'  [ RunTime:0.000461s ]

[ 2013-02-23T08:36:25+08:00 ] 127.0.0.1 /mould/index.php?s=/Admin/getDeviceDetail/
INFO: [ app_begin ] --START--
INFO: Run ReadHtmlCache Behavior [ RunTime:-0.000723s ]
INFO: [ app_begin ] --END-- [ RunTime:0.000906s ]
SQL: SHOW COLUMNS FROM `m_device` [ RunTime:0.005648s ]
SQL: SELECT * FROM `m_device` WHERE id = '2'  [ RunTime:0.000454s ]

[ 2013-02-23T08:36:34+08:00 ] 127.0.0.1 /mould/index.php?s=/Admin/addOffer/
INFO: [ app_begin ] --START--
INFO: Run ReadHtmlCache Behavior [ RunTime:-0.000499s ]
INFO: [ app_begin ] --END-- [ RunTime:0.000706s ]
SQL: SHOW COLUMNS FROM `m_offer` [ RunTime:0.003923s ]
SQL: INSERT INTO `m_offer` (`title`,`content`,`date`) VALUES ('cc','<p>cc</p>','2013-02-23') [ RunTime:0.001374s ]

[ 2013-02-23T08:36:50+08:00 ] 127.0.0.1 /mould/index.php?s=/Admin/getDeviceDetail/
INFO: [ app_begin ] --START--
INFO: Run ReadHtmlCache Behavior [ RunTime:-0.000563s ]
INFO: [ app_begin ] --END-- [ RunTime:0.000779s ]
SQL: SHOW COLUMNS FROM `m_device` [ RunTime:0.005028s ]
SQL: SELECT * FROM `m_device` WHERE id = '2'  [ RunTime:0.000422s ]

[ 2013-02-23T08:36:53+08:00 ] 127.0.0.1 /mould/index.php?s=/Admin/getOfferDetail/
INFO: [ app_begin ] --START--
INFO: Run ReadHtmlCache Behavior [ RunTime:-0.000906s ]
INFO: [ app_begin ] --END-- [ RunTime:0.001025s ]
SQL: SHOW COLUMNS FROM `m_offer` [ RunTime:0.003833s ]
SQL: SELECT * FROM `m_offer` WHERE id = '12'  [ RunTime:0.000374s ]

[ 2013-02-23T08:39:02+08:00 ] 127.0.0.1 /mould/index.php?s=/Admin/getOfferDetail/
INFO: [ app_begin ] --START--
INFO: Run ReadHtmlCache Behavior [ RunTime:-0.000553s ]
INFO: [ app_begin ] --END-- [ RunTime:0.000810s ]
SQL: SHOW COLUMNS FROM `m_offer` [ RunTime:0.004192s ]
SQL: SELECT * FROM `m_offer` WHERE id = '13'  [ RunTime:0.000365s ]

[ 2013-02-23T08:39:05+08:00 ] 127.0.0.1 /mould/index.php?s=/Admin/deleteOffer/
INFO: [ app_begin ] --START--
INFO: Run ReadHtmlCache Behavior [ RunTime:-0.001200s ]
INFO: [ app_begin ] --END-- [ RunTime:0.001732s ]
SQL: SHOW COLUMNS FROM `m_offer` [ RunTime:0.003952s ]
SQL: DELETE FROM `m_offer` WHERE id = '13' [ RunTime:0.003121s ]

[ 2013-02-23T08:39:19+08:00 ] 127.0.0.1 /mould/index.php?s=/Admin/addOffer/
INFO: [ app_begin ] --START--
INFO: Run ReadHtmlCache Behavior [ RunTime:-0.000892s ]
INFO: [ app_begin ] --END-- [ RunTime:0.001075s ]
SQL: SHOW COLUMNS FROM `m_offer` [ RunTime:0.003855s ]
SQL: INSERT INTO `m_offer` (`title`,`content`,`date`) VALUES ('cc','<p>cc</p>','2013-02-23') [ RunTime:0.001831s ]

[ 2013-02-23T08:39:34+08:00 ] 127.0.0.1 /mould/index.php?s=/Admin/getOfferDetail/
INFO: [ app_begin ] --START--
INFO: Run ReadHtmlCache Behavior [ RunTime:-0.000955s ]
INFO: [ app_begin ] --END-- [ RunTime:0.001125s ]
SQL: SHOW COLUMNS FROM `m_offer` [ RunTime:0.004764s ]
SQL: SELECT * FROM `m_offer` WHERE id = '14'  [ RunTime:0.000454s ]

[ 2013-02-23T08:39:38+08:00 ] 127.0.0.1 /mould/index.php?s=/Admin/getOfferDetail/
INFO: [ app_begin ] --START--
INFO: Run ReadHtmlCache Behavior [ RunTime:-0.000818s ]
INFO: [ app_begin ] --END-- [ RunTime:0.000986s ]
SQL: SHOW COLUMNS FROM `m_offer` [ RunTime:0.004297s ]
SQL: SELECT * FROM `m_offer` WHERE id = '12'  [ RunTime:0.000525s ]

[ 2013-02-23T08:39:41+08:00 ] 127.0.0.1 /mould/index.php?s=/Admin/deleteOffer/
INFO: [ app_begin ] --START--
INFO: Run ReadHtmlCache Behavior [ RunTime:-0.000686s ]
INFO: [ app_begin ] --END-- [ RunTime:0.000995s ]
SQL: SHOW COLUMNS FROM `m_offer` [ RunTime:0.005569s ]
SQL: DELETE FROM `m_offer` WHERE id = '14' [ RunTime:0.002676s ]

[ 2013-02-23T08:39:48+08:00 ] 127.0.0.1 /mould/index.php?s=/Admin/addInvite/
INFO: [ app_begin ] --START--
INFO: Run ReadHtmlCache Behavior [ RunTime:-0.000745s ]
INFO: [ app_begin ] --END-- [ RunTime:0.001384s ]
SQL: SHOW COLUMNS FROM `m_person` [ RunTime:0.004057s ]
SQL: INSERT INTO `m_person` (`title`,`content`,`date`) VALUES ('cc','<p>cc</p>','2013-02-23') [ RunTime:0.001800s ]

[ 2013-02-23T08:39:52+08:00 ] 127.0.0.1 /mould/index.php?s=/Admin/getInviteDetail/
INFO: [ app_begin ] --START--
INFO: Run ReadHtmlCache Behavior [ RunTime:-0.000466s ]
INFO: [ app_begin ] --END-- [ RunTime:0.000648s ]
SQL: SHOW COLUMNS FROM `m_person` [ RunTime:0.003783s ]
SQL: SELECT * FROM `m_person` WHERE id = '2'  [ RunTime:0.000368s ]

[ 2013-02-23T08:39:59+08:00 ] 127.0.0.1 /mould/index.php?s=/Admin/addInvite/
INFO: [ app_begin ] --START--
INFO: Run ReadHtmlCache Behavior [ RunTime:-0.000632s ]
INFO: [ app_begin ] --END-- [ RunTime:0.000891s ]
SQL: SHOW COLUMNS FROM `m_person` [ RunTime:0.004614s ]
SQL: INSERT INTO `m_person` (`title`,`content`,`date`) VALUES ('ccccc','<p>ccccc</p>','2013-02-23') [ RunTime:0.002744s ]

[ 2013-02-23T08:40:08+08:00 ] 127.0.0.1 /mould/index.php?s=/Admin/getInfoDetail/
INFO: [ app_begin ] --START--
INFO: Run ReadHtmlCache Behavior [ RunTime:-0.000619s ]
INFO: [ app_begin ] --END-- [ RunTime:0.000856s ]
SQL: SHOW COLUMNS FROM `m_info` [ RunTime:0.003877s ]
SQL: SELECT * FROM `m_info` WHERE id = '35'  [ RunTime:0.000534s ]

[ 2013-02-23T08:40:12+08:00 ] 127.0.0.1 /mould/index.php?s=/Admin/getProductDetail/
INFO: [ app_begin ] --START--
INFO: Run ReadHtmlCache Behavior [ RunTime:-0.000538s ]
INFO: [ app_begin ] --END-- [ RunTime:0.000748s ]
SQL: SHOW COLUMNS FROM `m_product` [ RunTime:0.003917s ]
SQL: SELECT * FROM `m_product` WHERE id = '14'  [ RunTime:0.000362s ]

[ 2013-02-23T08:40:14+08:00 ] 127.0.0.1 /mould/index.php?s=/Admin/getProductDetail/
INFO: [ app_begin ] --START--
INFO: Run ReadHtmlCache Behavior [ RunTime:-0.000677s ]
INFO: [ app_begin ] --END-- [ RunTime:0.001003s ]
SQL: SHOW COLUMNS FROM `m_product` [ RunTime:0.004004s ]
SQL: SELECT * FROM `m_product` WHERE id = '13'  [ RunTime:0.000374s ]

[ 2013-02-23T08:40:21+08:00 ] 127.0.0.1 /mould/index.php?s=/Admin/setCompanyIntrSimple/
INFO: [ app_begin ] --START--
INFO: Run ReadHtmlCache Behavior [ RunTime:-0.000791s ]
INFO: [ app_begin ] --END-- [ RunTime:0.001426s ]
SQL: SHOW COLUMNS FROM `m_company_intr_simple` [ RunTime:0.004181s ]
SQL: SELECT COUNT(*) AS tp_count FROM `m_company_intr_simple` LIMIT 1   [ RunTime:0.000388s ]
SQL: UPDATE `m_company_intr_simple` SET `content`='<p>公司地址....<br></p><p>公司成立日期....</p><p><span style=\"text-decoration: underline;\">等等...c</span></p>' WHERE id = 1 [ RunTime:0.002272s ]

[ 2013-02-23T08:40:32+08:00 ] 127.0.0.1 /mould/index.php?s=/Admin/setCompanyIntr/
INFO: [ app_begin ] --START--
INFO: Run ReadHtmlCache Behavior [ RunTime:-0.000500s ]
INFO: [ app_begin ] --END-- [ RunTime:0.000704s ]
SQL: SHOW COLUMNS FROM `m_company_intr` [ RunTime:0.003577s ]
SQL: SELECT COUNT(*) AS tp_count FROM `m_company_intr` LIMIT 1   [ RunTime:0.000257s ]
SQL: UPDATE `m_company_intr` SET `content`='<p>这边也是自己发挥...</p>' WHERE id = 1 [ RunTime:0.001664s ]

[ 2013-02-23T08:40:39+08:00 ] 127.0.0.1 /mould/index.php?s=/Admin/setContactSimple/
INFO: [ app_begin ] --START--
INFO: Run ReadHtmlCache Behavior [ RunTime:-0.000543s ]
INFO: [ app_begin ] --END-- [ RunTime:0.000902s ]
SQL: SHOW COLUMNS FROM `m_company_contact_simple` [ RunTime:0.004434s ]
SQL: SELECT COUNT(*) AS tp_count FROM `m_company_contact_simple` LIMIT 1   [ RunTime:0.000341s ]
SQL: UPDATE `m_company_contact_simple` SET `content`='<p>公司电话...</p><p><span style=\"text-decoration: line-through;\">地址</span>....</p><p>样式格式可<strong>以</strong></p><p><strong></strong>照自<span style=\"text-decoration: underline;\">己的</span>风格<span style=\"background-color: rgb(247, 150, 70);\">调整c</span></p>' WHERE id = 1 [ RunTime:0.002099s ]

[ 2013-02-23T08:40:46+08:00 ] 127.0.0.1 /mould/index.php?s=/Admin/setContact/
INFO: [ app_begin ] --START--
INFO: Run ReadHtmlCache Behavior [ RunTime:-0.000552s ]
INFO: [ app_begin ] --END-- [ RunTime:0.000750s ]
SQL: SHOW COLUMNS FROM `m_company_contact` [ RunTime:0.004408s ]
SQL: SELECT COUNT(*) AS tp_count FROM `m_company_contact` LIMIT 1   [ RunTime:0.000323s ]
SQL: UPDATE `m_company_contact` SET `content`='<p>设置方式跟其他地方同理x</p>' WHERE id = 1 [ RunTime:0.002057s ]

[ 2013-02-23T09:02:56+08:00 ] 127.0.0.1 /mould/index.php?s=/Admin/getInfoDetail/
INFO: [ app_begin ] --START--
INFO: Run ReadHtmlCache Behavior [ RunTime:-0.000506s ]
INFO: [ app_begin ] --END-- [ RunTime:0.000716s ]
SQL: SHOW COLUMNS FROM `m_info` [ RunTime:0.003656s ]
SQL: SELECT * FROM `m_info` WHERE id = '30'  [ RunTime:0.000299s ]

[ 2013-02-23T09:03:00+08:00 ] 127.0.0.1 /mould/index.php?s=/Admin/getInviteDetail/
INFO: [ app_begin ] --START--
INFO: Run ReadHtmlCache Behavior [ RunTime:-0.000676s ]
INFO: [ app_begin ] --END-- [ RunTime:0.000977s ]
SQL: SHOW COLUMNS FROM `m_person` [ RunTime:0.004106s ]
SQL: SELECT * FROM `m_person` WHERE id = '4'  [ RunTime:0.000408s ]

[ 2013-02-23T09:03:04+08:00 ] 127.0.0.1 /mould/index.php?s=/Admin/getDeviceDetail/
INFO: [ app_begin ] --START--
INFO: Run ReadHtmlCache Behavior [ RunTime:-0.000682s ]
INFO: [ app_begin ] --END-- [ RunTime:0.000804s ]
SQL: SHOW COLUMNS FROM `m_device` [ RunTime:0.004508s ]
SQL: SELECT * FROM `m_device` WHERE id = '2'  [ RunTime:0.000333s ]

[ 2013-02-23T09:03:09+08:00 ] 127.0.0.1 /mould/index.php?s=/Admin/changeProductType/
INFO: [ app_begin ] --START--
INFO: Run ReadHtmlCache Behavior [ RunTime:-0.000996s ]
INFO: [ app_begin ] --END-- [ RunTime:0.001378s ]
SQL: SHOW COLUMNS FROM `m_product_type` [ RunTime:0.003769s ]
SQL: UPDATE `m_product_type` SET `type`='其他的可以自己加' WHERE id = '6' [ RunTime:0.002013s ]

[ 2013-02-23T09:09:24+08:00 ] 127.0.0.1 /mould/index.php?s=/Admin/getInfoDetail/
INFO: [ app_begin ] --START--
INFO: Run ReadHtmlCache Behavior [ RunTime:-0.000813s ]
INFO: [ app_begin ] --END-- [ RunTime:0.000935s ]
SQL: SHOW COLUMNS FROM `m_info` [ RunTime:0.005259s ]
SQL: SELECT * FROM `m_info` WHERE id = '30'  [ RunTime:0.000486s ]

[ 2013-02-23T09:09:27+08:00 ] 127.0.0.1 /mould/index.php?s=/Admin/changeInfo/
INFO: [ app_begin ] --START--
INFO: Run ReadHtmlCache Behavior [ RunTime:-0.000539s ]
INFO: [ app_begin ] --END-- [ RunTime:0.000733s ]
SQL: SHOW COLUMNS FROM `m_info` [ RunTime:0.003764s ]
SQL: UPDATE `m_info` SET `title`='打发斯蒂芬',`content`='<p>飞地发大水东方闪电1</p>' WHERE ( `id` = 30 ) [ RunTime:0.002111s ]

[ 2013-02-23T09:09:34+08:00 ] 127.0.0.1 /mould/index.php?s=/Admin/setCompanyIntrSimple/
INFO: [ app_begin ] --START--
INFO: Run ReadHtmlCache Behavior [ RunTime:-0.000797s ]
INFO: [ app_begin ] --END-- [ RunTime:0.000855s ]
SQL: SHOW COLUMNS FROM `m_company_intr_simple` [ RunTime:0.003698s ]
SQL: SELECT COUNT(*) AS tp_count FROM `m_company_intr_simple` LIMIT 1   [ RunTime:0.000306s ]
SQL: UPDATE `m_company_intr_simple` SET `content`='<p>公司地址....<br></p><p>公司成立日期....</p><p><span style=\"text-decoration: underline;\">等等...c1</span></p>' WHERE id = 1 [ RunTime:0.003003s ]

[ 2013-02-23T09:09:42+08:00 ] 127.0.0.1 /mould/index.php?s=/Admin/getProductDetail/
INFO: [ app_begin ] --START--
INFO: Run ReadHtmlCache Behavior [ RunTime:-0.000564s ]
INFO: [ app_begin ] --END-- [ RunTime:0.000788s ]
SQL: SHOW COLUMNS FROM `m_product` [ RunTime:0.005637s ]
SQL: SELECT * FROM `m_product` WHERE id = '14'  [ RunTime:0.000685s ]

[ 2013-02-23T09:09:54+08:00 ] 127.0.0.1 /mould/index.php?s=/Admin/getOfferDetail/
INFO: [ app_begin ] --START--
INFO: Run ReadHtmlCache Behavior [ RunTime:-0.001154s ]
INFO: [ app_begin ] --END-- [ RunTime:0.001359s ]
SQL: SHOW COLUMNS FROM `m_offer` [ RunTime:0.003858s ]
SQL: SELECT * FROM `m_offer` WHERE id = '12'  [ RunTime:0.000286s ]

[ 2013-02-23T09:09:57+08:00 ] 127.0.0.1 /mould/index.php?s=/Admin/changeOffer/
INFO: [ app_begin ] --START--
INFO: Run ReadHtmlCache Behavior [ RunTime:-0.000775s ]
INFO: [ app_begin ] --END-- [ RunTime:0.000877s ]
SQL: SHOW COLUMNS FROM `m_offer` [ RunTime:0.004629s ]
SQL: UPDATE `m_offer` SET `title`='dd1',`content`='<p>dd</p>' WHERE ( `id` = 12 ) [ RunTime:0.002437s ]

[ 2013-02-23T09:10:03+08:00 ] 127.0.0.1 /mould/index.php?s=/Admin/getInviteDetail/
INFO: [ app_begin ] --START--
INFO: Run ReadHtmlCache Behavior [ RunTime:-0.000810s ]
INFO: [ app_begin ] --END-- [ RunTime:0.001153s ]
SQL: SHOW COLUMNS FROM `m_person` [ RunTime:0.003628s ]
SQL: SELECT * FROM `m_person` WHERE id = '4'  [ RunTime:0.000328s ]

[ 2013-02-23T09:10:06+08:00 ] 127.0.0.1 /mould/index.php?s=/Admin/changeInvite/
INFO: [ app_begin ] --START--
INFO: Run ReadHtmlCache Behavior [ RunTime:-0.000592s ]
INFO: [ app_begin ] --END-- [ RunTime:0.000830s ]
SQL: SHOW COLUMNS FROM `m_person` [ RunTime:0.004951s ]
SQL: UPDATE `m_person` SET `title`='ccccc1',`content`='<p>ccccc</p>' WHERE ( `id` = 4 ) [ RunTime:0.001642s ]

[ 2013-02-23T09:10:10+08:00 ] 127.0.0.1 /mould/index.php?s=/Admin/setContactSimple/
INFO: [ app_begin ] --START--
INFO: Run ReadHtmlCache Behavior [ RunTime:-0.000619s ]
INFO: [ app_begin ] --END-- [ RunTime:0.000953s ]
SQL: SHOW COLUMNS FROM `m_company_contact_simple` [ RunTime:0.004968s ]
SQL: SELECT COUNT(*) AS tp_count FROM `m_company_contact_simple` LIMIT 1   [ RunTime:0.000352s ]
SQL: UPDATE `m_company_contact_simple` SET `content`='<p>公司电话...</p><p><span style=\"text-decoration: line-through;\">地址</span>....</p><p>样式格式可<strong>以</strong></p><p><strong></strong>照自<span style=\"text-decoration: underline;\">己的</span>风格<span style=\"background-color: rgb(247, 150, 70);\">调整c1</span></p>' WHERE id = 1 [ RunTime:0.002414s ]

[ 2013-02-23T09:13:39+08:00 ] 127.0.0.1 /mould/index.php?s=/Admin/getInfoDetail/
INFO: [ app_begin ] --START--
INFO: Run ReadHtmlCache Behavior [ RunTime:-0.000723s ]
INFO: [ app_begin ] --END-- [ RunTime:0.000827s ]
SQL: SHOW COLUMNS FROM `m_info` [ RunTime:0.004110s ]
SQL: SELECT * FROM `m_info` WHERE id = '30'  [ RunTime:0.000342s ]

[ 2013-02-23T09:13:41+08:00 ] 127.0.0.1 /mould/index.php?s=/Admin/changeInfo/
INFO: [ app_begin ] --START--
INFO: Run ReadHtmlCache Behavior [ RunTime:-0.000542s ]
INFO: [ app_begin ] --END-- [ RunTime:0.000747s ]
SQL: SHOW COLUMNS FROM `m_info` [ RunTime:0.003750s ]
SQL: UPDATE `m_info` SET `title`='打发斯蒂芬',`content`='<p>飞地发大水东方闪电11</p>' WHERE ( `id` = 30 ) [ RunTime:0.002805s ]

[ 2013-02-23T09:13:58+08:00 ] 127.0.0.1 /mould/index.php?s=/Admin/getProductDetail/
INFO: [ app_begin ] --START--
INFO: Run ReadHtmlCache Behavior [ RunTime:-0.000830s ]
INFO: [ app_begin ] --END-- [ RunTime:0.001271s ]
SQL: SHOW COLUMNS FROM `m_product` [ RunTime:0.004072s ]
SQL: SELECT * FROM `m_product` WHERE id = '14'  [ RunTime:0.000325s ]

